tensor([[    1,  2627,   300, 30010, 29879,   868,  4684,  6568, 29871, 29896,
         29953, 29808,   639,  2462, 29889,  2296,   321,  1446,  2211,   363,
         26044,  1432,  7250,   322,   289,  6926,   286,  3096,  1144,   363,
           902,  7875,  1432,  2462,   411,  3023, 29889,  2296,   269, 10071,
           278, 21162,   472,   278,  2215, 13269, 29915,  9999, 14218,   363,
           395, 29906,   639, 10849,   868,   384, 19710, 29889,  1128,  1568,
           297, 17208,   947,  1183,  1207,  1432,  2462,   472,   278,  2215,
         13269, 29915,  9999, 29973,    13]], device='cuda:0')
tensor([[-5.1172, -3.9590,  8.8906,  ..., -2.7754, -2.4375, -0.7295]],
       device='cuda:0')
tensor([[    1,  2627,   300, 30010, 29879,   868,  4684,  6568, 29871, 29896,
         29953, 29808,   639,  2462, 29889,  2296,   321,  1446,  2211,   363,
         26044,  1432,  7250,   322,   289,  6926,   286,  3096,  1144,   363,
           902,  7875,  1432,  2462,   411,  3023, 29889,  2296,   269, 10071,
           278, 21162,   472,   278,  2215, 13269, 29915,  9999, 14218,   363,
           395, 29906,   639, 10849,   868,   384, 19710, 29889,  1128,  1568,
           297, 17208,   947,  1183,  1207,  1432,  2462,   472,   278,  2215,
         13269, 29915,  9999, 29973,    13,    13]], device='cuda:0')
tensor([[-4.1016, -5.5586,  5.2969,  ..., -2.7969, -1.6904,  0.2500]],
       device='cuda:0')
tensor([[    1,  2627,   300, 30010, 29879,   868,  4684,  6568, 29871, 29896,
         29953, 29808,   639,  2462, 29889,  2296,   321,  1446,  2211,   363,
         26044,  1432,  7250,   322,   289,  6926,   286,  3096,  1144,   363,
           902,  7875,  1432,  2462,   411,  3023, 29889,  2296,   269, 10071,
           278, 21162,   472,   278,  2215, 13269, 29915,  9999, 14218,   363,
           395, 29906,   639, 10849,   868,   384, 19710, 29889,  1128,  1568,
           297, 17208,   947,  1183,  1207,  1432,  2462,   472,   278,  2215,
         13269, 29915,  9999, 29973,    13,    13, 26626]], device='cuda:0')
tensor([[ -7.9375, -10.6641,   5.3086,  ...,  -0.6304,  -1.9297,  -2.4316]],
       device='cuda:0')
tensor([[    1,  2627,   300, 30010, 29879,   868,  4684,  6568, 29871, 29896,
         29953, 29808,   639,  2462, 29889,  2296,   321,  1446,  2211,   363,
         26044,  1432,  7250,   322,   289,  6926,   286,  3096,  1144,   363,
           902,  7875,  1432,  2462,   411,  3023, 29889,  2296,   269, 10071,
           278, 21162,   472,   278,  2215, 13269, 29915,  9999, 14218,   363,
           395, 29906,   639, 10849,   868,   384, 19710, 29889,  1128,  1568,
           297, 17208,   947,  1183,  1207,  1432,  2462,   472,   278,  2215,
         13269, 29915,  9999, 29973,    13,    13, 26626,   300]],
       device='cuda:0')
tensor([[-4.7227, -8.2031,  6.3164,  ...,  4.7734, -1.1289, -0.6841]],
       device='cuda:0')
