tensor([[    1,  2627,   300, 30010, 29879,   868,  4684,  6568, 29871, 29896,
         29953, 29808,   639,  2462, 29889,  2296,   321,  1446,  2211,   363,
         26044,  1432,  7250,   322,   289,  6926,   286,  3096,  1144,   363,
           902,  7875,  1432,  2462,   411,  3023, 29889,  2296,   269, 10071,
           278, 21162,   472,   278,  2215, 13269, 29915,  9999, 14218,   363,
           395, 29906,   639, 10849,   868,   384, 19710, 29889,  1128,  1568,
           297, 17208,   947,  1183,  1207,  1432,  2462,   472,   278,  2215,
         13269, 29915,  9999, 29973,  1128]], device='cuda:1')
tensor([[[ 2.7065e-01,  1.6506e-02,  2.8060e-01,  ...,  1.4403e+00,
           2.0233e+00,  7.6464e-01],
         [-9.1102e+00, -9.0628e+00, -1.3798e+00,  ..., -5.8228e+00,
          -5.0479e+00, -8.1252e+00],
         [-6.2024e+00, -5.9755e+00,  2.3305e+00,  ..., -3.4304e+00,
          -2.5004e+00, -4.5607e+00],
         ...,
         [-3.6556e-01, -6.2353e-01,  1.1403e+01,  ..., -7.9319e-01,
           1.3916e+00, -8.7370e-01],
         [ 2.2274e-01, -2.2808e+00,  1.6732e+01,  ..., -1.4031e+00,
           1.7205e+00,  7.8504e-01],
         [-6.8377e-01,  1.4569e+00,  1.0392e+01,  ...,  2.1907e+00,
           7.5782e-03, -9.0316e-02]]], device='cuda:1')
