tensor([[    1,  2627,   300, 30010, 29879,   868,  4684,  6568, 29871, 29896,
         29953, 29808,   639,  2462, 29889,  2296,   321,  1446,  2211,   363,
         26044,  1432,  7250,   322,   289,  6926,   286,  3096,  1144,   363,
           902,  7875,  1432,  2462,   411,  3023, 29889,  2296,   269, 10071,
           278, 21162,   472,   278,  2215, 13269, 29915,  9999, 14218,   363,
           395, 29906,   639, 10849,   868,   384, 19710, 29889,  1128,  1568,
           297, 17208,   947,  1183,  1207,  1432,  2462,   472,   278,  2215,
         13269, 29915,  9999, 29973]], device='cuda:0') torch.Size([1, 74])
tensor([[ -1.3594, -11.4688, -11.0469,  ...,  -3.9746,  -6.8594,  -5.9219]],
       device='cuda:0')
tensor([[ -2.2324, -14.8281, -14.1094,  ...,  -5.9922,  -8.4297,  -7.4570]],
       device='cuda:0')
tensor([[ -4.2188, -13.5781, -13.5000,  ...,  -5.6953,  -8.5156,  -7.1094]],
       device='cuda:0')
tensor([[    1,  2627,   300, 30010, 29879,   868,  4684,  6568, 29871, 29896,
         29953, 29808,   639,  2462, 29889,  2296,   321,  1446,  2211,   363,
         26044,  1432,  7250,   322,   289,  6926,   286,  3096,  1144,   363,
           902,  7875,  1432,  2462,   411,  3023, 29889,  2296,   269, 10071,
           278, 21162,   472,   278,  2215, 13269, 29915,  9999, 14218,   363,
           395, 29906,   639, 10849,   868,   384, 19710, 29889,  1128,  1568,
           297, 17208,   947,  1183,  1207,  1432,  2462,   472,   278,  2215,
         13269, 29915,  9999, 29973,    13, 29902, 30010]], device='cuda:0') torch.Size([1, 77])
