Question: Jungkook is the 5th place. Find the number of people who crossed the finish line faster than Jungkook.
Answer: 4
Explanation: Jungkook is the 5th place, which means 4 people crossed the finish line faster than him. The person who finished 5th is Jungkook himself, so we need to subtract 1 from the total number of people who finished 
Data ID 0: decoding step: 56, large model step: 32, 1.75
Question: A number divided by 10 is 6. Yoongi got the result by subtracting 15 from a certain number. What is the result he got?
Answer: 5
Explanation: Let the certain number be x. Then, x/10 = 6. So, x = 60. If Yoongi subtracted 15 from 60, he got 60 - 15 = 45. So, the result he got is 
Data ID 1: decoding step: 116, large model step: 64, 1.8125
Question: Dongju selects a piece of paper with a number written on it, and wants to make a three-digit number by placing the first selected number in the hundreds place, the second selected in the tens place, and the third selected in the units place. If the numbers written on each paper was 1, 6, and 8, respectively, find the sum of the second smallest and third smallest three-digit numbers that Dongju can make. However, you cannot select the same numbered paper multiple times.
Answer: 114
Solution: The smallest three-digit number is 116, and the next smallest is 168. The sum of these is $116+168=\boxed{114}.$
Final Answer: The final answer is 114. I hope it is 
Data ID 2: decoding step: 169, large model step: 96, 1.7604166666666667
Question: You wanted to subtract 46 from a number, but you accidentally subtract 59 and get 43. How much do you get from the correct calculation?
Answer: 43 + 13 = 56
Explanation: Let the number be x. Then, x - 46 = 43. So, x = 43 + 46 = 89. Subtracting 46 from 89 gives 43. But you 
Data ID 3: decoding step: 223, large model step: 128, 1.7421875
Question: The length of one span of Jinseo is about 12 centimeters (cm). When Jinseo measured the length of the shorter side of the bookshelf, it was about two spans. How many centimeters (cm) is the short side of the bookshelf?
Answer: 2 x 12 = 24 cm. The short side of the bookshelf is 24 cm.
Explanation: Jinseo measured the length of the shorter side of the bookshelf, and it was about two spans. One span is 12 cm, so two spans is 2 x 12 
Data ID 4: decoding step: 285, large model step: 160, 1.78125
Question: The owner of the snack shop said that for a special occasion, he would give out cookies equal to the three-digit number made by using 1, 7, and 0 all at least once. What number should Haneul make to receive the most sweets?
Answer: 170
Explanation: The number of cookies Haneul can receive is the number of ways to arrange the digits 1, 7, and 0. There are 3! = 6 ways to arrange the digits. The numbers 
Data ID 5: decoding step: 335, large model step: 192, 1.7447916666666667
Question: For the natural number A, the quotient of A divided by 9 is 6 and the remainder is 5. What is the value of A?
Answer: 53
Explanation: A = 9 * 6 + 5 = 54 + 5 = 53. So, A = 53. The remainder is 5, which is added to the quotient (6 * 9 = 54) to 
Data ID 6: decoding step: 389, large model step: 224, 1.7366071428571428
Question: How many diagonals can you draw in a decagon?
Answer: 20
Explanation: A decagon has 10 vertices, and each vertex is connected to the other 7 vertices by a diagonal. Therefore, the total number of diagonals is 10 * 7 = 70. However, each diagonal is counted twice (once from 
Data ID 7: decoding step: 445, large model step: 256, 1.73828125
Question: What is the difference between the largest number and the smallest number that can be made by selecting four from the number magnets 2, 0, 3, 5, and 8 and arranging them in a row to form a four-digit number?
Answer: 9990 - 2000 = 7990
The largest number is 9805 and the smallest number is 2000. The difference is 7990. 
Final Answer: The final answer is 7990. I hope it is correct.  Final 
Data ID 8: decoding step: 500, large model step: 288, 1.7361111111111112
Question: Find the sum of all multiples of 9 that are less than 80.
Answer: 9(1+2+3+4+5+8) = 9(25) = 225.
Final Answer: The final answer is 225. I hope it is 
Data ID 9: decoding step: 540, large model step: 315, 1.7142857142857142
Question: This year, the age difference between Minsu and his mother is 28 years old, and after 13 years, the age of his mother will be twice that of Minsu. Find the age of Minsu this year.
Answer: 13 years old
Explanation: Let Minsu's current age be x. Then his mother's current age is x + 28. After 13 years, Minsu's age will be x + 13, and his mother's age will be (x + 28) 
Data ID 10: decoding step: 600, large model step: 347, 1.7291066282420748
Question: The exchange rate refers to the rate at which one country's currency is exchanged for another country's currency. Soojeong came back from a trip to the U.S. and exchanged the remaining 140 dollars for 158,760 won in Korean money at the bank today. What is the exchange rate of the Korean Won to the US Dollar today?

Answer: 140/158760 = 0.00088. So the exchange rate is 0.00088 won per dollar. So for every dollar, you can get 0.88 won. This is the exchange rate. So the exchange rate is 
Data ID 11: decoding step: 653, large model step: 379, 1.7229551451187335
Question: A parallelogram was cut to form a trapezoid, the lower side being 4 centimeters (cm) longer than the upper side. If the upper side is 12 centimeters (cm) and the height is 10 centimeters (cm), how much is the area of this trapezoid?
Answer: 120
Explanation: The area of a trapezoid is given by the formula A = (h/2) (a + b), where h is the height and a and b are the lengths of the two sides. In this case, h = 10, a = 12, 
Data ID 12: decoding step: 714, large model step: 411, 1.7372262773722629
Question: Yuran wants to buy a gift box that is 9 centimeters (cm) wide, 4 centimeters (cm) long, and 7 centimeters (cm) high. What is the volume in cubic centimeters (cm) of the gift box Yuran is buying?
Answer: 252 cubic centimeters (cm3) = 9 x 4 x 7 = 252
Explanation: The volume of a rectangular box is calculated by multiplying the length, width, and height. In this case, the length is 9 cm, the width is 4 
Data ID 13: decoding step: 773, large model step: 443, 1.744920993227991
Question: A country has a total of 3 islands. Each island has 12 ships, and each ship has 24 crew members. Find the number of crew members working on all the islands in this country.
Answer: 3 x 12 x 24 = 864
Explanation: The total number of crew members is the product of the number of islands, the number of ships on each island, and the number of crew members on each ship. The number of islands is 3, the number of ships on each 
Data ID 14: decoding step: 834, large model step: 475, 1.7557894736842106
Question: Jian has 3 notebooks in his bag, Doyun has 5 notebooks in his bag, and Siu has 2 notebooks in his bag. Who has the second most notebooks?
Answer: 3. Jian has 3 notebooks, Doyun has 5 notebooks, and Siu has 2 notebooks. So, Doyun has the most notebooks, and Jian has the second most notebooks. Therefore, the correct answer is Jian. (Note: We can also compare the 
Data ID 15: decoding step: 893, large model step: 507, 1.7613412228796843
Question: Farm A has a rectangular shape measuring 6 kilometers (km) by 9 kilometers (km), and Farm B has a square shape measuring 8 kilometers (km) by 8 km by 8 kilometers (km). The owners of both farms want to build a fence around the perimeter of the farm by putting together wooden planks of the same length. Which farm needs more planks?
Answer: 8 km by 8 km square farm needs more planks. The perimeter of the rectangular farm is 2(6 + 9) = 30 km. The perimeter of the square farm is 4(8) = 32 km. The square farm needs 2 
Data ID 16: decoding step: 950, large model step: 539, 1.7625231910946197
Question: Seungyeon is wrapping the box with ribbon tape. If 28 identical boxes are wrapped with the ribbon tape that is 82.04 meters (m) long and there should be no tape left after wrapping, how many meters (m) of ribbon tape are needed to wrap one box?
Answer: 82.04 / 28 = 2.92
Final Answer: The final answer is 2.92. I hope it is correct. Let me know if you need any further assistance. I will be happy to help. Thank you for 
Data ID 17: decoding step: 1001, large model step: 571, 1.7530647985989491
Question: The four students, Jimin, Yoongi, Taehyung, and Namjoon, are of different ages. Yoongi is older than Namjoon, and Jimin is older than Taehyung but younger than Namjoon. Who is the youngest among the 4 people?
Answer: Taehyung
Explanation: According to the information, Jimin is older than Taehyung, and Jimin is younger than Namjoon. This means that Jimin is in the middle, and Taehyung is the youngest. The order of ages 
Data ID 18: decoding step: 1057, large model step: 603, 1.7529021558872304
Question: Taehyung is trying to get to his grandmother's house, which is 300 kilometers (km) away on a motorcycle at 60 kilometers (km) per hour. Find how far Taehyung needs to go when 2 hours have passed since he left.
Answer: 120 km
Explanation: Taehyung has been riding for 2 hours. He has gone 2 x 60 = 120 km. He still needs to go 300 - 120 = 180 km. But the question asks how far he has gone, not how 
Data ID 19: decoding step: 1115, large model step: 635, 1.7559055118110236
Question: Find A that satisfies 32×A×A×A=42592
Answer: 128
Explanation: 32 × A × A × A = 42592
A × A × A = 42592 / 32
A × A × A = 1336
A = √1336
A = √(36 × 37)
A 
Data ID 20: decoding step: 1172, large model step: 667, 1.7571214392803598
Question: My mother is 43 years old this year. A few years ago, her age was five times her daughter's age, who is 11 years old this year. Find how many years ago it was.
Answer: 5 years ago.
Explanation: Let's say the number of years ago was x. Then, the mother's age at that time was 43 - x. The daughter's age at that time was 11 - x. The mother's age was five times the 
Data ID 21: decoding step: 1226, large model step: 699, 1.753934191702432
Question: Jungkook, Jimin, Seokjin, Taehyung, and Namjoon are standing side by side. Jungkook is standing next to Jimin's right side, and Seokjin is standing next to Jimin's left side. Also, Namjoon is standing to the left of Seokjin, and Jungkook is standing to the left of Taehyung. Who's standing on the furthest right?
Answer: 1. Jimin
Explanation: Jungkook is standing next to Jimin's right side, so Jimin is standing on the right side. Seokjin is standing next to Jimin's left side, so Jimin is in the middle. Namjoon is standing 
Data ID 22: decoding step: 1283, large model step: 731, 1.7551299589603284
Question: When a number is multiplied by 14, it is 458.64. When a number is divided by 17, round the remainder to two decimal places.
Answer: 27.12
Explanation: Let the number be x. Then, 14x = 458.64. So, x = 458.64 / 14 = 32.84. When 32.84 is divided by 17, the remainder is 
Data ID 23: decoding step: 1342, large model step: 763, 1.7588466579292268
Question: Taehyung has 45 candies. If he plans to give 5 candies to his friends, how many friends can get candies in maximum?
Answer: 4
Explanation: Taechyung has 45 candies. If he plans to give 5 candies to his friends, then he can give candies to 45/5 = 9 friends. But he can't give candies to 10 friends because he doesn't have 
Data ID 24: decoding step: 1398, large model step: 795, 1.758490566037736
Question: Jeonghee, Cheolsu, Eunsu, and Minjun went to the cinema to watch a horror movie. If Eunsu and Minjun, who can't watch horror movies, don't sit next to each other, find the number of cases in which four people sit in a row. (However, there are four seats and all are attached.)
Answer: 36
Explanation: We can use the permutation formula P(n, r) = n! / (n - r)! to solve this problem. There are 4 people, and we want to find the number of cases in which they sit 
Data ID 25: decoding step: 1447, large model step: 827, 1.7496977025392986
Question: There are two types of Korean language workbooks and four types of math workbooks. When choosing one book among them, in how many cases can you choose Korean workbook or math workbook?
Answer: 2 x 4 = 8
Explanation: There are two types of Korean language workbooks and four types of math workbooks. So, we can choose Korean workbook or math workbook in 2 x 4 = 8 cases. In other words, we can choose 
Data ID 26: decoding step: 1503, large model step: 859, 1.749708963911525
Question: How many three-digit numbers can you make from three different numbers of the numbers 1, 3, 6, and 7?
Answer: 24
Solution: There are 4 choices for the first digit, 3 choices for the second digit, and 2 choices for the third digit. 4 x 3 x 2 = 24.
Final Answer: The final answer is 24. I hope it 
Data ID 27: decoding step: 1560, large model step: 891, 1.7508417508417509
Question: When you multiply a number by 7, it becomes 98. What is that number?
Answer: 14
Explanation: When you multiply a number by 7, it becomes 98. So, the number is 98/7 = 14. Therefore, the number is 14. When you multiply 14 by 7, you get 98. 7 x 14 = 
Data ID 28: decoding step: 1621, large model step: 923, 1.7562296858071507
Question: A car that requires 0.14 liters (l) of gasoline to run 1 kilometer (km) ran for 2 hours and 30 minutes at 93.6 kilometers (km) per hour. How many liters of gasoline did it use?
Answer: 0.14 * 2.5 * 93.6 = 33.48
Explanation: The car ran for 2.5 hours at 93.6 km/h. So it ran a total distance of 2.5 * 93.6 = 234 
Data ID 29: decoding step: 1679, large model step: 955, 1.7581151832460733
Question: Among Rat, Cow, Tiger, Rabbit, Dragon, and Snake, find the number of cases in which the rat is placed at the very front, the snake at the very back, and the rest are placed in one line.
Answer: 2
Explanation: If the rat is placed at the very front, the snake at the very back, and the rest are placed in one line, the possible arrangement is: Rat, Cow, Tiger, Rabbit, Dragon, Snake. There are only 2 such arrangements: Rat, 
Data ID 30: decoding step: 1738, large model step: 987, 1.7608915906788247
Question: There are three numbers 10, 11, and 12. What is the difference between the smallest number and the second smallest number?
Answer: 1
Explanation: The smallest number is 10 and the second smallest number is 11. The difference between them is 1. So, the correct answer is 1. The other options are incorrect. The other options are incorrect. The other options are incorrect. The other options are incorrect. The 
Data ID 31: decoding step: 1800, large model step: 1019, 1.7664376840039253
Question: The smallest two-digit number that can be formed by two of 0, 3, 4, 6, and 8 is subtracted by a certain number and it became 7. Find the number.
Answer: 13
Explanation: The smallest two-digit number that can be formed by two of 0, 3, 4, 6, and 8 is 13. So, 13 - x = 7. x = 13 - 7 = 6. Hence, the number 
Data ID 32: decoding step: 1862, large model step: 1051, 1.7716460513796384
Question: A pink rabbit and a white rabbit is running a race. The pink rabbit ran at a speed of 15 kilometers per hour (km), and the white rabbit ran at a speed of 10 kilometers per hour (km), arriving 30 minutes later than the pink rabbit. Find the time it took for the pink rabbit to arrive.
Answer: 1 hour
Explanation: Let the time it took for the pink rabbit to arrive be x hours. Then, the time it took for the white rabbit to arrive is x + 0.5 hours. The distance the pink rabbit ran is 15x km, and the distance 
Data ID 33: decoding step: 1919, large model step: 1083, 1.7719298245614035
Question: A regular hexagon with an area of 21.12 square centimeters (cm2) is divided into six pieces. If the cut pieces have the same shape and size, find the area of one piece in square centimeters (cm2).
Answer: 3.52
Explanation: The area of the hexagon is 21.12 square centimeters. If the hexagon is divided into six pieces of the same shape and size, then each piece has an area of 21.12 / 6 = 3.52 square 
Data ID 34: decoding step: 1979, large model step: 1115, 1.7748878923766815
Question: There are 5 different people. Everyone wanted to be an executive, so you decided to have 1 chairman, 1 vice-president, 1 secretary, 1 secretary, and 1 manager. Find the possible number of cases for assigning the position.
Answer: 4! = 24
Explanation: The number of ways to assign the position is the number of permutations of 5 people, which is 5! = 5 × 4 × 3 × 2 × 1 = 120. 
Data ID 35: decoding step: 2031, large model step: 1147, 1.7707061900610288
Question: There are a total of 928 baduk stones and 713 of them are colored white. Find the difference between the number of white stones and black stones.
Answer: 928 - 713 = 215
215 is the difference between the number of white stones and black stones. Since there are more white stones, the difference is positive. The number of black stones is 713 - 928 = -215. Since there are fewer black 
Data ID 36: decoding step: 2087, large model step: 1179, 1.7701441899915182
Question: I should have subtracted 23, but I mistakenly subtracted 32 from some number and got 25. How much do you get when calculated correctly?
Answer: 25 + 7 = 32
#### Explanation:
When you subtract 23, you should get 32 - 23 = 9. But you subtracted 32 and got 25. So you subtracted 7 too much. So you should have 
Data ID 37: decoding step: 2143, large model step: 1211, 1.7696118909991743
Question: You have five numbers 10, 11, 12, 13, and 14. What is the sum of the largest number and the second smallest number?
Answer: 13 + 11 = 24
Explanation: The largest number is 14 and the second smallest number is 12. So, the sum of the largest number and the second smallest number is 14 + 12 = 24. However, the question asks for the sum of the 
Data ID 38: decoding step: 2202, large model step: 1243, 1.7715205148833468
Question: There are 42 chickens and 48 ducks on the farm, and there are as many geese as there are chickens. How many ducks are fewer than the number of chickens and geese combined?
Answer: 42 + 48 = 90. 90 - 48 = 42.
Final Answer: The final answer is 42. I hope it is correct.assistant: I'm happy to help you with your question. Can you please provide more context 
Data ID 39: decoding step: 2257, large model step: 1275, 1.7701960784313726
Question: When 14.23 is divided by 4.7, find the value to two decimal places.
Answer: 3.02
Explanation: 14.23 ÷ 4.7 = 3.02 (rounded to two decimal places). #### Page No. 14.23 ÷ 4.7 = 3.02 (rounded to two decimal places). 
Data ID 40: decoding step: 2314, large model step: 1307, 1.7704667176740627
Question: The rectangular shape of the ttakji's area is 1.77 square centimeters (cm2). If the width of this ttakji is 3 centimeters (cm), how many centimeters (cm) will the length be?
Answer: 1.77 / 0.3 = 5.9 cm. So the length is 5.9 cm. The correct answer is 5.9 cm. I hope it is correct. I hope it is correct. I hope it is correct. I hope it is 
Data ID 41: decoding step: 2372, large model step: 1339, 1.7714712471994025
Question: A3B-41=591. How much is A?
Answer: 14
Explanation: A3B-41=591
A3B = 591 + 41
A3B = 632
A = 632 / 3
A = 207.33
A = 14 (approx) since A is an integer. 
Data ID 42: decoding step: 2430, large model step: 1371, 1.7724288840262583
Question: When a number is divided by 6, it becomes 1/10. What is the value of the number divided by 3/25?
Answer: 50
Explanation: Let the number be x. Then, x/6 = 1/10 => x = 6/10 => x = 3/5 => x = 30/5 => x = 6. So, the number is 6. 
Data ID 43: decoding step: 2486, large model step: 1403, 1.7719173200285103
Question: I have to divide a number by 8, but I accidentally multiply a number by 6 is 96. What is the correct calculation result?
Answer: 96 / 8 = 12.
Explanation: If multiplying a number by 6 gives 96, then the number is 96 / 6 = 16. Dividing 16 by 8 gives 2. So the correct calculation result is 16 / 8 
Data ID 44: decoding step: 2543, large model step: 1435, 1.7721254355400697
Question: How many multiples of 4 are there among the four-digit numbers made using the number cards 1, 3, 5, and 6 once?
Answer: 6
Solution: We have 4 choices for the hundreds digit, 3 choices for the tens digit, and 2 choices for the units digit.  Therefore, there are $4\cdot3\cdot2=24$ four-digit numbers that can be 
Data ID 45: decoding step: 2597, large model step: 1467, 1.7702794819359235
Question: When you multiply a number by 2, you get 18. What is the value of this number when you subtract 4?
Answer: 7
Explanation: Let the number be x. Then, 2x = 18. So, x = 9. When you subtract 4 from 9, you get 5. But the question says the value of this number when you subtract 4, which is 9 
Data ID 46: decoding step: 2658, large model step: 1499, 1.7731821214142762
Question: It is said that it takes an hour to make 8 toys from one machine. How many hours would it take to make 200 toys using 5 machines?
Answer: 40 hours
Explanation: If it takes 1 hour to make 8 toys, then it takes 1/8 hour to make 1 toy. To make 200 toys, it would take 200/8 = 25 hours. With 5 machines, it would take 
Data ID 47: decoding step: 2718, large model step: 1531, 1.775310254735467
Question: It rained 135 millimeters (mm) yesterday and 12 centimeters (cm) 7 millimeters (mm) today. Find the answer on which day it rained more between yesterday and today.
Answer: 135 mm (yesterday) > 12 cm + 7 mm (today)
12 cm = 120 mm (convert cm to mm)
120 mm + 7 mm = 127 mm (total mm)
So, yesterday it rained more (135 mm) than today 
Data ID 48: decoding step: 2775, large model step: 1563, 1.7754318618042226
Question: As a result of the Korean language test in the school, Taehyung, Minju, Sangmin, Yoonjung, and Yoojung received the highest score in that order. Who got the highest score?
Answer: 1. Taehyung
Explanation: The question states that the five students received the highest score in that order, which means that Taehyung had the highest score. The order is: Taehyung, Minju, Sangmin, 
Data ID 49: decoding step: 2831, large model step: 1595, 1.7749216300940438
Question: Find the perimeter of a regular octagon with a side length of 12 meters (m), in meters (m).
Answer: 48 m. The perimeter of a regular octagon is the sum of the lengths of all its sides. Since the octagon has 8 sides, each with a length of 12 meters, the perimeter is 8 x 12 = 96 meters. However, the 
Data ID 50: decoding step: 2887, large model step: 1627, 1.7744314689612783
Question: There are 9 people standing in a line from shortest to tallest. Consider Hoseok is the shortest. Then what place does Hoseok take when the line is in order from tallest to shortest?
Answer: 9th place
Explanation: Hoseok is the shortest, so he is at the end of the line when it is in order from tallest to shortest. He takes the 9th place. The other 8 people are taller than him, so they are in front of him in 
Data ID 51: decoding step: 2945, large model step: 1659, 1.7751657625075346
Question: Multiplying a number by 11 and adding 1 equals 45. Find the number.
Answer: 4
Explanation: The number is x. Multiplying x by 11 and adding 1 equals 45. So, 11x + 1 = 45. Subtract 1 from both sides, 11x = 44. Divide both sides by 11, 
Data ID 52: decoding step: 3002, large model step: 1691, 1.7752808988764044
Question: You can go to the academy from school in 3 ways, and from the academy to the playground in 4 ways. In total, how many ways are there to get from school to the playground passing the academy?
Answer: 3 x 4 = 12
Explanation: You have 3 options to get from school to the academy and 4 options to get from the academy to the playground. So, the total number of ways is 3 x 4 = 12. This is an example of the 
Data ID 53: decoding step: 3061, large model step: 1723, 1.7765525246662797
Question: What is the sum of the lengths of the four sides of a square with a side of 9 centimeters (cm), in cm (cm)?
Answer: 36 cm
Explanation: The sum of the lengths of the four sides of a square is 4 times the length of one side. So, the sum of the lengths of the four sides of a square with a side of 9 cm is 4 * 9 = 36 
Data ID 54: decoding step: 3120, large model step: 1755, 1.7777777777777777
Question: 16 teams are about to have a soccer match. Two teams have a game to eliminate the losing team, while only the winning team is allowed to proceed to the next game, and the team who won the last game wins the match. Find the total number of games.
Answer: 15
Explanation: The first game will eliminate 1 team. The remaining 15 teams will play another game, and 1 team will be eliminated. The remaining 7 teams will play another game, and 1 team will be eliminated. The remaining 3 teams will play another game, and 1 team 
Data ID 55: decoding step: 3184, large model step: 1787, 1.7817571348628987
Question: A number is less than 10 and is not a multiple of 2 or 3. Which number is it out of 7, 8, 9, or 10?
Answer: 7
Explanation: Since the number is not a multiple of 2 or 3, it cannot be 8 or 9. It also cannot be 10, since it is less than 10. Therefore, the number is 7. 7 is not a multiple 
Data ID 56: decoding step: 3241, large model step: 1819, 1.7817482133040132
Question: There is a number that is a multiple of 9. The quotient of a number divided by 9 is then divided again by 9, and the quotient is 25 and the remainder is 7. Find the number.
Answer: 218
Explanation: The number is a multiple of 9. Let's call the number x. The quotient of x divided by 9 is 25 with a remainder of 7. This means that x = 9 * 25 + 7 = 218. The 
Data ID 57: decoding step: 3298, large model step: 1851, 1.7817396002160995
Question: There are 5 types of hot coffee and 4 types of cold coffee in the cafe, and there are 3 types of cookies and 5 types of muffins. Find the number of cases where you order 1 coffee and 1 bread each.
Answer: 5 * 4 * 3 * 5 = 300
Explanation: There are 5 types of hot coffee and 4 types of cold coffee, so there are 5 + 4 = 9 types of coffee. There are 3 types of cookies and 5 
Data ID 58: decoding step: 3356, large model step: 1883, 1.7822623473181094
Question: A is a number comprised of 1 group of 1000, 16 groups of 100, and 28 groups of 10. B is calculated as 3 jumps from 355 with an interval of 245. Find the value of A-B.
Answer: 0
Explanation: A = 1000 + 16 * 100 + 28 * 10 = 1000 + 1600 + 280 = 2880
B = 355 + 3 * 245 = 355 + 735 = 
Data ID 59: decoding step: 3415, large model step: 1915, 1.783289817232376
Question: JungKook and Jimin walked up the stairs to the third floor. Jimin took the elevator from the 3rd floor to the 5th floor. Who has risen higher, Jung Kook or Jimin?
Answer: Jimin
Explanation: JungKook walked up the stairs to the 3rd floor, so he has risen 3 floors. Jimin took the elevator from the 3rd floor to the 5th floor, so he has risen 2 floors. Therefore, JungKook has risen 
Data ID 60: decoding step: 3476, large model step: 1947, 1.7853107344632768
Question: A cuboid box is 18 centimeters (cm) long, 10 centimeters (cm) wide, and 2 centimeters (cm) high. How many square centimeters (cm2) will be covered to paint the entire inside of this uncovered box?
Answer: 360
Explanation: To find the surface area of the box, we need to find the area of each face and add them up. The area of the front and back faces is 18 x 10 = 180 square centimeters (cm2). The area of the top and bottom faces 
Data ID 61: decoding step: 3536, large model step: 1979, 1.7867609903991915
Question: A is 348 and A is less than B by 173. C is greater than B by 299. Find C.
Answer: 567
Explanation: Let B be x. Then A = 348 and A = x - 173. So, 348 = x - 173. x = 521. C = x + 299 = 521 + 299 = 820. So, C is 
Data ID 62: decoding step: 3596, large model step: 2011, 1.7881650919940328
Question: A is 3 groups of 10 and 7 individual units, and B is the number obtained by subtracting 1 from 40. Which is smaller, A or B?
Answer: 10 + 7 = 17, 40 - 1 = 39. So B is larger. 3 groups of 10 is 30, so A is 30 + 17 = 47. 47 is larger than 39. So A is 
Data ID 63: decoding step: 3653, large model step: 2043, 1.7880567792462065
Question: Seoyoon's teacher bought her class pizzas. There were 7 students in Seoyoon's class, and each student took 12 pieces, leaving 5 pieces. At this moment, Seoyoon's neighboring classmate came in to play, so it is decided to distribute the pizza again to 8 people including Seoyoon's friend. Find the number of remaining pizza slices at this time.
Answer: 5
Explanation: There were 7 students, and each took 12 pieces, so 7 x 12 = 84 pieces were taken. 84 - 5 = 79, so there were 79 pieces remaining. Then, the pizza was distributed to 8 people, 
Data ID 64: decoding step: 3713, large model step: 2075, 1.7893975903614459
Question: 20 cars of different colors are parked in a row. The black car is 16th from the right, and the white car is 11th from the left. How many cars are between the black and white cars?
Answer: 4
Explanation: The black car is 16th from the right, so it is 5th from the left. The white car is 11th from the left, so there are 5 cars between the black and white cars. Since the black car is 
Data ID 65: decoding step: 3770, large model step: 2107, 1.7892738490745135
Question: Find the sum of 100 consecutive odd numbers from 1.
Answer: 10000
Explanation: The first number is 1, and the last number is 1 + 100*2 = 201. The sum of these numbers is (1 + 201) * 50 = 10000. Final Answer: The final 
Data ID 66: decoding step: 3824, large model step: 2139, 1.7877512856474989
Question: Thirty sheets of 25 centimeters (cm) long paper strips were overlapped by 6 centimeters (cm) each and made a long line. Find the total length in centimeters (cm) of the 30 strips of paper glued together.
Answer: 30 x 25 + 29 x 6 = 750 + 174 = 924 cm
Explanation: The total length of 30 strips of paper is the sum of the length of each strip and the overlapping length. The length of each strip is 25 cm 
Data ID 67: decoding step: 3880, large model step: 2171, 1.7871948410870566
Question: There are 9 dogs and 23 cats. How many more cats are there than dogs?
Answer: 23 - 9 = 14. There are 14 more cats than dogs. (or 23 - 9 = 14) (or 14 more cats than dogs) (or There are 14 more cats than dogs) (or 14 more cats than dogs) (or 
Data ID 68: decoding step: 3941, large model step: 2203, 1.7889241942805265
Question: The number of students in Class 1 is 69 and the number of students in Class 2 is 86. When I asked the students in Class 1 and Class 2 to form groups, there were 5 students left in Class 1 and 6 students in Class 2. Find the maximum number of people in a group.
Answer: 11
Explanation: The number of students in Class 1 is 69 and the number of students in Class 2 is 86. When I asked the students in Class 1 and Class 2 to form groups, there were 5 students left in Class 1 and 6 students in 
Data ID 69: decoding step: 4003, large model step: 2235, 1.7910514541387024
Question: You have a rectangle with a perimeter of 40 centimeters (cm). If the width of this rectangle is 8 centimeters (cm), how many centimeters (cm) is the length?
Answer: 12
Explanation: The perimeter of a rectangle is the distance around the rectangle. It is calculated by adding the lengths of all four sides. The formula for the perimeter of a rectangle is P = 2l + 2w, where P is the perimeter, l is the 
Data ID 70: decoding step: 4061, large model step: 2267, 1.7913542126157918
Question: Two students, Yoongi and Jungkook, have numbers 7 and 6, respectively. Whose number is smaller?
Answer: 6 is smaller than 7, so Jungkook's number is smaller. The correct answer is Jungkook. ###### Note: The numbers refer to the students' ages, not their numerical values. The question is asking whose age is 
Data ID 71: decoding step: 4112, large model step: 2299, 1.788603740756851
Question: A rectangle-shaped notebook and a square-shaped notebook have the same area. If the lengths of the two sides of the notebook are 9 centimeters (cm) and 16 centimeters (cm), respectively. How many centimeters (cm) are the length of one side of the notebook?
Answer: 8
Explanation: The area of the rectangle is 9 * 16 = 144. The area of the square is x * x = x^2. Since the area of the square is the same as the rectangle, we have x^2 = 144. So x 
Data ID 72: decoding step: 4171, large model step: 2331, 1.7893607893607895
Question: Find how many multiples of 4 are less than 30.
Answer: 7
Solution: The multiples of 4 are 4, 8, 12, 16, 20, 24, 28. There are 7 multiples of 4 that are less than 30. The multiples of 4 are 4, 8, 
Data ID 73: decoding step: 4232, large model step: 2363, 1.7909437156157426
Question: Yewon ran at a speed of 180 meters (m) in 30 seconds. How many meters (m) did Yewon run in 1 minute?
Answer: 60 x 3 = 180
Explanation: Yewon ran 180 meters in 30 seconds. To find how many meters she ran in 1 minute, we need to multiply 180 by 2 (since 1 minute is 2 times 30 
Data ID 74: decoding step: 4288, large model step: 2395, 1.7903966597077243
Question: 10's are 21, 1's are 8, 0.1's are 5, and 0.01's are 34 in a certain number. How much is this number?
Answer: 2585
Explanation: Let the number be x. Then, 10's place is 21, so 10x = 21 => x = 2.1. 1's place is 8, so x = 8 + 2.0 
Data ID 75: decoding step: 4344, large model step: 2427, 1.7898640296662547
Question: There are 45 apples. There are 21 fewer pears than apples. How many tangerines are there if there are 18 fewer pears than tangerines?
Answer: 45 apples, 21 fewer pears than apples, 18 fewer pears than tangerines. So there are 45 + 21 = 66 pears. 18 fewer pears than tangerines, so there are 66 + 18 
Data ID 76: decoding step: 4399, large model step: 2459, 1.7889385929239527
Question: Yoongi has 4, and Jungkook has a number that is the quotient of 6 divided by 3. Who has the bigger number?
Answer: 6 divided by 3 is 2, so Jungkook has 2. Yoongi has 4, so Jungkook has the smaller number. Jungkook has the smaller number. Jungkook has the smaller number. Jungkook has the smaller number. Jungkook has the 
Data ID 77: decoding step: 4462, large model step: 2491, 1.7912484945804898
Question: You want to put 5 different books A, B, C, D, and E on a bookshelf. When A, B, and C are placed on the left side in such order, find the number of ways to place books on the bookshelf.
Answer: 2
Explanation: There are 3! = 6 ways to arrange A, B, and C on the left side. Then, we can place D and E on the right side in 2! = 2 ways. Hence, the total number of ways is 
Data ID 78: decoding step: 4519, large model step: 2523, 1.7911216805390409
Question: There is a number that is divisible by 5 and the resulting quotient is 4. Subtract 10 from that particular number, and then multiply by 3, and then subtract 18. What is the answer?
Answer: 20
Explanation: The number divisible by 5 is 20. The quotient is 4. Subtract 10 from 20, and then multiply by 3, and then subtract 18.
20 - 10 = 10
10 * 3 = 30
30 - 18 
Data ID 79: decoding step: 4581, large model step: 2555, 1.7929549902152642
Question: You want to create a three-digit number by selecting three out of 5, 6, 4, and 7 and using them only once. Find the sum of the digits of the largest possible number.
Answer: 20
Explanation: The largest possible number can be formed by selecting the largest digits first. So, we select 7, 7, and 6. The sum of the digits of this number is 7 + 7 + 6 = 
Data ID 80: decoding step: 4634, large model step: 2587, 1.79126401236954
Question: 63 is the result of mistakely adding 44 and subtracting 39 when you actually have to add 39 to this certain number and subtract 44. Find the result of the correct calculation.
Answer: 63 = 44 + x - 39
= x - 25
x = 88
So, the correct calculation is 88 + 39 - 44 = 83. Hence, the correct result is 83. 63 is the result 
Data ID 81: decoding step: 4688, large model step: 2619, 1.789996181748759
Question: Given 3 number cards with 6, 3, and 8 written on them, find the sum of the largest and smallest three-digit numbers that can be formed by using each card only once.
Answer: 111 + 999 = 1110
The largest three-digit number that can be formed is 999 and the smallest three-digit number that can be formed is 111. The sum of these two numbers is 1110.
Final Answer: The final answer is 1110. 
Data ID 82: decoding step: 4746, large model step: 2651, 1.7902678234628442
Question: How many three-digit numbers are common multiples of 4 and 5?
Answer: 60
Solution: We need to find the number of three-digit numbers that are multiples of 4 and 5. The smallest three-digit number is 100, and the largest three-digit number is 999. The first multiple of 4 that is greater than 100 
Data ID 83: decoding step: 4802, large model step: 2683, 1.7897875512486023
Question: Find the smallest number that can be made by using all the number cards 0, 2, 4, 6, 8 and 9 only once.
Answer: 2468
Explanation: The smallest number that can be made by using all the number cards 0, 2, 4, 6, 8 and 9 only once is 2468. This is because 0 is the smallest number and it is used first in 
Data ID 84: decoding step: 4860, large model step: 2715, 1.7900552486187846
Question: How many two-digit numbers are there which are made up of 1 and 4 and, when flipped, become other numbers?
Answer: 5
Explanation: The two-digit numbers that can be formed using the digits 1 and 4 are 14, 41, 11, 44, and 41. When flipped, these numbers become 41, 14, 11, 44, and 
Data ID 85: decoding step: 4919, large model step: 2747, 1.7906807426283218
Question: Hoseok had 576 marbles, and Yoongi had 352. If Hoseok gives Yoongi 100 marbles, who has more marbles?
Answer: 576 - 100 = 476, 352 + 100 = 452. Hoseok has more marbles. 476 > 452. So Hoseok has more marbles. Hoseok has 476 marbles and Yoongi has 452 marbles. Hoseok 
Data ID 86: decoding step: 4978, large model step: 2779, 1.7912918315940987
Question: The three students, Yoongi, Jungkook and Yuna, have the numbers 7, 6, and 9 respectively. Who has the smallest number?
Answer: 6. Jungkook has the smallest number. The correct order from smallest to largest is: 6, 7, 9. So Jungkook has the smallest number. 6 is the smallest number. So Jungkook has the smallest number. 6 
Data ID 87: decoding step: 5034, large model step: 2811, 1.7908217716115262
Question: When you divide a particular number by 10, you get 6. What number do you get when you subtract 15 from that particular number?
Answer: 60
Explanation: Let the particular number be x. When you divide it by 10, you get 6. So, x/10 = 6. This means x = 60. Now, subtract 15 from 60. 60 - 15 = 45. 
Data ID 88: decoding step: 5094, large model step: 2843, 1.7917692578262399
Question: Jungkook, who had 6 apples, received 3 more. When Yoongi has 4 apples, who has fewer apples?
Answer: 9 - 4 = 5. Jungkook has 9 apples, and Yoongi has 4 apples. Jungkook has 5 more apples than Yoongi. So, Yoongi has fewer apples. Jungkook has more apples. Jungkook 
Data ID 89: decoding step: 5152, large model step: 2875, 1.792
Question: Find the sum of the digits of the even numbers from 600 to 800.
Answer: 600, 602, 604, 606, 608, 610, 612, 614, 616, 618, 620, 622, 624, 626, 628, 630, 632, 634, 636, 
Data ID 90: decoding step: 5211, large model step: 2907, 1.7925696594427245
Question: Subtracting 7/3 from a number equals 3/2. What is the result if you add 7/3 to that number?
Answer: 5/2.
Solution: Let x be the number. Then, we have:
x - 7/3 = 3/2
x = 3/2 + 7/3
x = (9 + 7)/6
x = 
Data ID 91: decoding step: 5269, large model step: 2939, 1.7927866621299762
Question: There were 3 kilograms (kg) and 300 grams (g) of strawberries. Among them, I gave 1 kilogram (kg) 900 grams (g) to a friend. How many grams (g) of strawberries are left?
Answer: 1.1 kg = 1100 g.
3 kg + 300 g = 3300 g
1 kg + 900 g = 1900 g
3300 g - 1900 g = 1400 g
So, there are 1400 g 
Data ID 92: decoding step: 5326, large model step: 2971, 1.7926624032312353
Question: Miae made a square with a side of 20 centimeters (cm) using wire. Using a wire of the same length as this one, Taehee made a rectangle wide 14 centimeters (cm). How many centimeters (cm) is the length of the rectangle Taehee made?
Answer: 20
Explanation: The wire used by Miae is 20 * 4 = 80 cm. The wire used by Taehee is 80 cm. The width of the rectangle is 14 cm. So the length of the rectangle is 80 / 14 
Data ID 93: decoding step: 5383, large model step: 3003, 1.7925407925407926
Question: Suppose that street trees are planted on the road that is 2575 meters (m) long at intervals of 25 meters (m). How many street trees will be planted? (However, trees are also planted at the beginning and end of the road.)
Answer: 2575 / 25 + 2 = 104
Explanation: The road is 2575 meters long. The trees are planted at intervals of 25 meters. So, the number of trees planted is 2575 / 25 = 103. However, trees are also planted at the beginning 
Data ID 94: decoding step: 5445, large model step: 3035, 1.7940691927512356
Question: Yoongi's aunt is 38 years old. Yoongi is 23 years younger than his aunt. Hoseok is 4 years younger than Yoongi. What is the sum of Yoongi and Hoseok's ages?
Answer: 46
Explanation: Yoongi's aunt is 38 years old. Yoongi is 23 years younger than his aunt, so Yoongi is 38 - 23 = 15 years old. Hoseok is 4 years younger than Yoongi, so Hoseok is 
Data ID 95: decoding step: 5506, large model step: 3067, 1.7952396478643626
Question: If you can make a number with two decimal digits that is made by using the numbers 3, 8, 2, and 7 once, write the third smallest number.
Answer: 2.83
Explanation: The smallest number you can make is 0.28. The second smallest number is 0.82. The third smallest number is 2.83. This is because 2.83 is the smallest number you can make that is greater 
Data ID 96: decoding step: 5563, large model step: 3099, 1.7950951919974185
Question: Taehyung is trying to divide 21/11 liters (L) of water into 7/11 liters (L) per cup, and Hoseok is trying to divide 8/17 liters (L) of water into 2/17 liters (L) per cup. How many cups will Taehyung and Hoseok need in order to divide all the water they each have into the cups?
Answer: 11
Explanation: Taechyung has 21/11 L of water, and Hoseok has 8/17 L of water. In total, they have 21/11 + 8/17 = 49/77 L of water. If Taechyung 
Data ID 97: decoding step: 5621, large model step: 3131, 1.7952730756946662
Question: You have a square with a perimeter of 17.8 centimeters (cm). How many centimeters (cm) is one side of this figure?
Answer: 17.8 / 4 = 4.45 cm. So, one side is 4.45 cm.
Final Answer: The final answer is 4.45. I hope it is correct. Let me know if you have any further questions. I will be 
Data ID 98: decoding step: 5677, large model step: 3163, 1.79481504900411
Question: Eunbi and Jaeyeon practiced running every day for five days. If Eunbi ran a total of 4.3 kilometers (km) for 5 days and Jaeyeon ran 900 meters (m) every day, find out who would have run more.
Answer: 4.3 km is equal to 4300 meters. 4300 meters / 5 days = 860 meters per day. Jaeyeon ran 900 meters per day. So, Jaeyeon ran more than Eunbi. 900 
Data ID 99: decoding step: 5730, large model step: 3195, 1.7934272300469483
