Question: Jungkook is the 5th place. Find the number of people who crossed the finish line faster than Jungkook.
Answer: 4
Explanation: Jungkook is the 5th place, which means 4 people crossed the finish line faster than him. Jungkook is the 5th, so the 1st, 2nd, 3rd, and 
Data ID 0: decoding step: 54, large model step: 32, 1.6875
Question: A number divided by 10 is 6. Yoongi got the result by subtracting 15 from a certain number. What is the result he got?
Answer: 5
Explanation: Let the certain number be x. Then, (x - 15) / 10 = 6. Multiplying both sides by 10, we get x - 15 = 60. Adding 15 to both sides, we get x 
Data ID 1: decoding step: 110, large model step: 64, 1.71875
Question: Dongju selects a piece of paper with a number written on it, and wants to make a three-digit number by placing the first selected number in the hundreds place, the second selected in the tens place, and the third selected in the units place. If the numbers written on each paper was 1, 6, and 8, respectively, find the sum of the second smallest and third smallest three-digit numbers that Dongju can make. However, you cannot select the same numbered paper multiple times.
Answer: 114
Solution: The smallest three-digit number is 116, and the next smallest is 168. The sum of these numbers is 116 + 168 = 284. The third smallest number is 186, and the fourth smallest is 168. 
Data ID 2: decoding step: 163, large model step: 96, 1.6979166666666667
Question: You wanted to subtract 46 from a number, but you accidentally subtract 59 and get 43. How much do you get from the correct calculation?
Answer: 43 + 13 = 56
#### 56 - 46 = 10

Final Answer: The final answer is 10. I hope it is 
Data ID 3: decoding step: 197, large model step: 119, 1.6554621848739495
Question: The length of one span of Jinseo is about 12 centimeters (cm). When Jinseo measured the length of the shorter side of the bookshelf, it was about two spans. How many centimeters (cm) is the short side of the bookshelf?
Answer: 2 x 12 = 24 cm. The short side of the bookshelf is 24 cm. The short side of the bookshelf is 24 cm. The short side of the bookshelf is 24 cm. The short side of the bookshelf is 24 cm. The short side 
Data ID 4: decoding step: 258, large model step: 151, 1.7086092715231789
Question: The owner of the snack shop said that for a special occasion, he would give out cookies equal to the three-digit number made by using 1, 7, and 0 all at least once. What number should Haneul make to receive the most sweets?
Answer: 170.
Solution: The number of cookies Haneul can receive is maximized when the number is as large as possible.  We can make the largest three-digit number by putting the largest digit first, then the middle digit, and finally 
Data ID 5: decoding step: 307, large model step: 183, 1.6775956284153006
Question: For the natural number A, the quotient of A divided by 9 is 6 and the remainder is 5. What is the value of A?
Answer: 53
Explanation: A = 9 * 6 + 5 = 54 - 1 = 53.
Final Answer: The final answer is 53. I hope it is correct.assistant: I'm a bot, and 
Data ID 6: decoding step: 360, large model step: 215, 1.6744186046511629
Question: How many diagonals can you draw in a decagon?
Answer: 20
Explanation: A decagon is a polygon with 10 sides. A diagonal is a line segment that connects two non-consecutive vertices of the polygon. In a decagon, there are 10 vertices. Each vertex can be connected 
Data ID 7: decoding step: 410, large model step: 247, 1.6599190283400809
Question: What is the difference between the largest number and the smallest number that can be made by selecting four from the number magnets 2, 0, 3, 5, and 8 and arranging them in a row to form a four-digit number?
Answer: 9999 - 2000 = 7999
The largest number that can be made is 9875 and the smallest number that can be made is 2000. The difference is 7999.
Final Answer: The final answer 
Data ID 8: decoding step: 460, large model step: 279, 1.6487455197132617
Question: Find the sum of all multiples of 9 that are less than 80.
Answer: 9(1+2+3+4+5+6+7) = 9(28) = 252.
The multiples of 9 that are less than 80 are 9, 
Data ID 9: decoding step: 504, large model step: 311, 1.6205787781350482
Question: This year, the age difference between Minsu and his mother is 28 years old, and after 13 years, the age of his mother will be twice that of Minsu. Find the age of Minsu this year.
Answer: 25
Explanation: Let Minsu's age be x. Then, his mother's age is x + 28. After 13 years, Minsu's age will be x + 13, and his mother's age will be (x + 
Data ID 10: decoding step: 559, large model step: 343, 1.629737609329446
Question: The exchange rate refers to the rate at which one country's currency is exchanged for another country's currency. Soojeong came back from a trip to the U.S. and exchanged the remaining 140 dollars for 158,760 won in Korean money at the bank today. What is the exchange rate of the Korean Won to the US Dollar today?

Answer: 140 dollars / 158,760 won = 1 dollar / 1.136, which is the exchange rate of the Korean Won to the US Dollar. So, 1 dollar is equal to 1.136 Korean Won.
Final Answer: The 
Data ID 11: decoding step: 611, large model step: 375, 1.6293333333333333
Question: A parallelogram was cut to form a trapezoid, the lower side being 4 centimeters (cm) longer than the upper side. If the upper side is 12 centimeters (cm) and the height is 10 centimeters (cm), how much is the area of this trapezoid?
Answer: 140 cm^2
Explanation: The formula for the area of a trapezoid is (1/2) * (a + b) * h, where a and b are the lengths of the two sides and h is the height. In this case, 
Data ID 12: decoding step: 666, large model step: 407, 1.6363636363636365
Question: Yuran wants to buy a gift box that is 9 centimeters (cm) wide, 4 centimeters (cm) long, and 7 centimeters (cm) high. What is the volume in cubic centimeters (cm) of the gift box Yuran is buying?
Answer: 252 cubic centimeters (cm)
Explanation: The volume of a rectangular prism is calculated by multiplying the length, width, and height. In this case, the volume is 9 cm x 4 cm x 7 cm = 252 cubic centimeters (cm). Therefore, the 
Data ID 13: decoding step: 724, large model step: 439, 1.6492027334851935
Question: A country has a total of 3 islands. Each island has 12 ships, and each ship has 24 crew members. Find the number of crew members working on all the islands in this country.
Answer: 3 x 12 x 24 = 1296
Explanation: The country has 3 islands. Each island has 12 ships. So, the total number of ships is 3 x 12 = 36. Each ship has 24 crew members. So, the 
Data ID 14: decoding step: 781, large model step: 471, 1.6581740976645436
Question: Jian has 3 notebooks in his bag, Doyun has 5 notebooks in his bag, and Siu has 2 notebooks in his bag. Who has the second most notebooks?
Answer: 3. Jian has 3 notebooks, which is the second most among the three of them. Doyun has the most with 5 notebooks, and Siu has the least with 2 notebooks. So, the correct answer is Jian. (Note: The question 
Data ID 15: decoding step: 836, large model step: 503, 1.662027833001988
Question: Farm A has a rectangular shape measuring 6 kilometers (km) by 9 kilometers (km), and Farm B has a square shape measuring 8 kilometers (km) by 8 km by 8 kilometers (km). The owners of both farms want to build a fence around the perimeter of the farm by putting together wooden planks of the same length. Which farm needs more planks?
Answer: 8 km by 8 km by 8 km
Explanation: The perimeter of Farm A is 2(6) + 2(9) = 24 km. The perimeter of Farm B is 4(8) = 32 km. Since 32 km is greater 
Data ID 16: decoding step: 895, large model step: 535, 1.6728971962616823
Question: Seungyeon is wrapping the box with ribbon tape. If 28 identical boxes are wrapped with the ribbon tape that is 82.04 meters (m) long and there should be no tape left after wrapping, how many meters (m) of ribbon tape are needed to wrap one box?
Answer: 2.86
Explanation: 82.04 / 28 = 2.9. So 2.86 meters of ribbon tape is needed to wrap one box. 2.86 is the closest answer. 2.9 is the exact 
Data ID 17: decoding step: 949, large model step: 567, 1.6737213403880071
Question: The four students, Jimin, Yoongi, Taehyung, and Namjoon, are of different ages. Yoongi is older than Namjoon, and Jimin is older than Taehyung but younger than Namjoon. Who is the youngest among the 4 people?
Answer: Taehyung
Explanation: The given information can be represented as a diagram:
Jimin > Taehyung
Jimin < Namjoon
Yoongi > Namjoon
From the diagram, it is clear that Taehyung is the 
Data ID 18: decoding step: 1004, large model step: 599, 1.676126878130217
Question: Taehyung is trying to get to his grandmother's house, which is 300 kilometers (km) away on a motorcycle at 60 kilometers (km) per hour. Find how far Taehyung needs to go when 2 hours have passed since he left.
Answer: 120 km
Explanation: Distance = Speed x Time. Distance = 60 km/h x 2 hours = 120 km. So, Taehyung has traveled 120 km in 2 hours. He still needs to go 300 - 120 
Data ID 19: decoding step: 1058, large model step: 631, 1.676703645007924
Question: Find A that satisfies 32×A×A×A=42592
Answer: 128
Explanation: 32 × A × A × A = 42592
A × A × A = 42592 / 32
A × A × A = 1336
A = √(1336) = 
Data ID 20: decoding step: 1111, large model step: 663, 1.6757164404223228
Question: My mother is 43 years old this year. A few years ago, her age was five times her daughter's age, who is 11 years old this year. Find how many years ago it was.
Answer: 6 years ago
Explanation: Let's say the number of years ago it was x. Then, the mother's age was 43 - x. The daughter's age was 11 - x. The mother's age was 5 times the daughter's age, 
Data ID 21: decoding step: 1165, large model step: 695, 1.6762589928057554
Question: Jungkook, Jimin, Seokjin, Taehyung, and Namjoon are standing side by side. Jungkook is standing next to Jimin's right side, and Seokjin is standing next to Jimin's left side. Also, Namjoon is standing to the left of Seokjin, and Jungkook is standing to the left of Taehyung. Who's standing on the furthest right?
Answer: 3. Jimin
Explanation: The arrangement is as follows: Namjoon-Seokjin-Jimin-Jungkook-Taehyung. Jimin is standing next to Jungkook, who is standing next to Taehyung. So, 
Data ID 22: decoding step: 1218, large model step: 727, 1.6753782668500687
Question: When a number is multiplied by 14, it is 458.64. When a number is divided by 17, round the remainder to two decimal places.
Answer: 27.12
Explanation: Let the number be x. Then, 14x = 458.64. So, x = 458.64 / 14 = 32.8. When 32.8 is divided by 17, the quotient is 
Data ID 23: decoding step: 1276, large model step: 759, 1.681159420289855
Question: Taehyung has 45 candies. If he plans to give 5 candies to his friends, how many friends can get candies in maximum?
Answer: 4
Explanation: Taechyung has 45 candies. He plans to give 5 candies to his friends. So, the maximum number of friends he can give candies is 45 / 5 = 9. But, he can't give candies to 9 
Data ID 24: decoding step: 1332, large model step: 791, 1.683944374209861
Question: Jeonghee, Cheolsu, Eunsu, and Minjun went to the cinema to watch a horror movie. If Eunsu and Minjun, who can't watch horror movies, don't sit next to each other, find the number of cases in which four people sit in a row. (However, there are four seats and all are attached.)
Answer: 36
Explanation: There are 4! = 24 ways to arrange the four people in a row. Eunsu and Minjun can be arranged in 2! = 2 ways. So, the number of cases in which 
Data ID 25: decoding step: 1381, large model step: 823, 1.678007290400972
Question: There are two types of Korean language workbooks and four types of math workbooks. When choosing one book among them, in how many cases can you choose Korean workbook or math workbook?
Answer: 2 * 4 = 8
Explanation: There are two types of Korean language workbooks and four types of math workbooks. So, there are 2 * 4 = 8 cases in which you can choose Korean workbook or math workbook. The Korean language 
Data ID 26: decoding step: 1437, large model step: 855, 1.6807017543859648
Question: How many three-digit numbers can you make from three different numbers of the numbers 1, 3, 6, and 7?
Answer: 24
Solution: We can make three-digit numbers by choosing the first digit from 1, 3, 6, and 7, then the second digit from the remaining three numbers, and then the third digit from the remaining two numbers. The number of ways we can 
Data ID 27: decoding step: 1494, large model step: 887, 1.6843291995490417
Question: When you multiply a number by 7, it becomes 98. What is that number?
Answer: 14
Explanation: When you multiply 14 by 7, you get 98. 7 x 14 = 98. So, the number is 14. That's the answer. It's a simple multiplication problem. You can use a 
Data ID 28: decoding step: 1546, large model step: 919, 1.6822633297062024
Question: A car that requires 0.14 liters (l) of gasoline to run 1 kilometer (km) ran for 2 hours and 30 minutes at 93.6 kilometers (km) per hour. How many liters of gasoline did it use?
Answer: 0.14 * 8.5 = 1.2
Explanation: First, we need to find out how many kilometers the car ran. It ran for 2 hours and 30 minutes, which is 2.5 hours. At 
Data ID 29: decoding step: 1599, large model step: 951, 1.6813880126182965
Question: Among Rat, Cow, Tiger, Rabbit, Dragon, and Snake, find the number of cases in which the rat is placed at the very front, the snake at the very back, and the rest are placed in one line.
Answer: 2
Explanation: The rat can be placed at the very front, and the snake at the very back. The rest can be placed in one line as follows: Cow, Tiger, Rabbit, Dragon. So, there are 2 ways of arranging the animals as per 
Data ID 30: decoding step: 1654, large model step: 983, 1.6826042726347914
Question: There are three numbers 10, 11, and 12. What is the difference between the smallest number and the second smallest number?
Answer: 1
Explanation: The smallest number is 10 and the second smallest number is 11. The difference between them is 1. So, the answer is 1. The other two numbers are not relevant to the question. The question is asking for the difference between the 
Data ID 31: decoding step: 1710, large model step: 1015, 1.6847290640394088
Question: The smallest two-digit number that can be formed by two of 0, 3, 4, 6, and 8 is subtracted by a certain number and it became 7. Find the number.
Answer: 34
Explanation: The smallest two-digit number that can be formed by two of 0, 3, 4, 6, and 8 is 13. So, 13 - x = 7. x = 13 - 7 = 
Data ID 32: decoding step: 1766, large model step: 1047, 1.6867239732569246
Question: A pink rabbit and a white rabbit is running a race. The pink rabbit ran at a speed of 15 kilometers per hour (km), and the white rabbit ran at a speed of 10 kilometers per hour (km), arriving 30 minutes later than the pink rabbit. Find the time it took for the pink rabbit to arrive.
Answer: 1 hour
Explanation: Let the time it took for the pink rabbit to arrive be x hours. Then the time it took for the white rabbit to arrive is x + 0.5 hours. The distance the pink rabbit ran is 15x 
Data ID 33: decoding step: 1817, large model step: 1079, 1.6839666357738647
Question: A regular hexagon with an area of 21.12 square centimeters (cm2) is divided into six pieces. If the cut pieces have the same shape and size, find the area of one piece in square centimeters (cm2).
Answer: 3.52
Explanation: The area of the hexagon is 21.12. It is divided into 6 pieces, so the area of one piece is 21.12 / 6 = 3.52. The answer is 3.52. The area of 
Data ID 34: decoding step: 1875, large model step: 1111, 1.6876687668766877
Question: There are 5 different people. Everyone wanted to be an executive, so you decided to have 1 chairman, 1 vice-president, 1 secretary, 1 secretary, and 1 manager. Find the possible number of cases for assigning the position.
Answer: 5! = 5 * 4 * 3 * 2 * 1 = 120
Final Answer: The final answer is 120. I hope it is correct.assistant: I'm feeling 
Data ID 35: decoding step: 1921, large model step: 1143, 1.6806649168853893
Question: There are a total of 928 baduk stones and 713 of them are colored white. Find the difference between the number of white stones and black stones.
Answer: 928 - 713 = 215. So the difference between the number of white stones and black stones is 215. Since there are no black stones, the difference is the number of black stones. So the number of black stones is 215. However, the problem asks for 
Data ID 36: decoding step: 1978, large model step: 1175, 1.6834042553191488
Question: I should have subtracted 23, but I mistakenly subtracted 32 from some number and got 25. How much do you get when calculated correctly?
Answer: 25 + 7 = 32.
#### Explanation:
If you subtracted 32 instead of 23, you would have gotten 25. So, you should have subtracted 23. 25 + 7 = 32. So, the correct answer 
Data ID 37: decoding step: 2032, large model step: 1207, 1.683512841756421
Question: You have five numbers 10, 11, 12, 13, and 14. What is the sum of the largest number and the second smallest number?
Answer: 11 + 13 = 24
The second smallest number is 11. The largest number is 14. So, the sum of the largest number and the second smallest number is 11 + 13 = 24. Final Answer: The final answer is 24. I 
Data ID 38: decoding step: 2090, large model step: 1239, 1.6868442292171106
Question: There are 42 chickens and 48 ducks on the farm, and there are as many geese as there are chickens. How many ducks are fewer than the number of chickens and geese combined?
Answer: 42 + 48 = 90. 90 - 42 = 48. 48 ducks are fewer than the number of chickens and geese combined. 48 ducks are fewer than 90. 48 ducks are fewer than the number of chickens and geese 
Data ID 39: decoding step: 2146, large model step: 1271, 1.6884343036978757
Question: When 14.23 is divided by 4.7, find the value to two decimal places.
Answer: 3.02
Final Answer: The final answer is 3.02. I hope it is correct. Let me know if you have any doubts. Thank 
Data ID 40: decoding step: 2180, large model step: 1293, 1.68600154679041
Question: The rectangular shape of the ttakji's area is 1.77 square centimeters (cm2). If the width of this ttakji is 3 centimeters (cm), how many centimeters (cm) will the length be?
Answer: 1.77 / 0.3 = 5.9 cm. The length is 5.9 cm. The width is 3 cm. The length is 5.9 cm. The length is 5.9 cm. The length is 5.9 cm. 
Data ID 41: decoding step: 2239, large model step: 1325, 1.689811320754717
Question: A3B-41=591. How much is A?
Answer: 14
Explanation: A3B-41=591
A = 14, B = 9, 14*9 - 41 = 591
Final Answer: The final answer is 14. I hope it is 
Data ID 42: decoding step: 2288, large model step: 1356, 1.6873156342182891
Question: When a number is divided by 6, it becomes 1/10. What is the value of the number divided by 3/25?
Answer: 50
Explanation: Let the number be x. Then, x/6 = 1/10 => x = 6/10 = 3/5. Now, x/3/25 = 3/5 * 25/3 
Data ID 43: decoding step: 2340, large model step: 1388, 1.685878962536023
Question: I have to divide a number by 8, but I accidentally multiply a number by 6 is 96. What is the correct calculation result?
Answer: 96 / 8 = 12
Explanation: The problem states that 6 times the number is 96. So, the number is 96 / 6 = 16. Then, the correct calculation is 16 / 8 
Data ID 44: decoding step: 2389, large model step: 1420, 1.6823943661971832
Question: How many multiples of 4 are there among the four-digit numbers made using the number cards 1, 3, 5, and 6 once?
Answer: 6
Solution: The four-digit numbers made using the number cards 1, 3, 5, and 6 once are: 1356, 1365, 1536, 1563, 1635, 1653, 
Data ID 45: decoding step: 2446, large model step: 1452, 1.684573002754821
Question: When you multiply a number by 2, you get 18. What is the value of this number when you subtract 4?
Answer: 7
Explanation: When you multiply a number by 2, you get 18. So the number is 18/2 = 9. When you subtract 4 from 9, you get 9 - 4 = 7. So the value of this number when 
Data ID 46: decoding step: 2504, large model step: 1484, 1.6873315363881403
Question: It is said that it takes an hour to make 8 toys from one machine. How many hours would it take to make 200 toys using 5 machines?
Answer: 40 hours
Explanation: It takes 1 hour to make 8 toys. So, it takes 0.125 hours (1/8) to make 1 toy. To make 200 toys, it would take 0.125 * 200 = 
Data ID 47: decoding step: 2559, large model step: 1516, 1.687994722955145
Question: It rained 135 millimeters (mm) yesterday and 12 centimeters (cm) 7 millimeters (mm) today. Find the answer on which day it rained more between yesterday and today.
Answer: 135 mm
Explanation: 135 mm is the total rainfall yesterday. 12 cm is equal to 120 mm. 7 mm is added to this, so the total rainfall today is 127 mm. 135 mm > 127 mm, so it 
Data ID 48: decoding step: 2612, large model step: 1548, 1.6873385012919897
Question: As a result of the Korean language test in the school, Taehyung, Minju, Sangmin, Yoonjung, and Yoojung received the highest score in that order. Who got the highest score?
Answer: 1. Taehyung
Explanation: The question states that the students received the highest score in that order, which means that Taehyung had the highest score, Minju had the second highest score, Sangmin had the third highest 
Data ID 49: decoding step: 2663, large model step: 1580, 1.6854430379746836
Question: Find the perimeter of a regular octagon with a side length of 12 meters (m), in meters (m).
Answer: 48 m

Explanation: The perimeter of a regular octagon is the sum of all its sides. In this case, the side length is 12 m, so the perimeter is:

Perimeter = 8 × 12 m = 96 
Data ID 50: decoding step: 2713, large model step: 1612, 1.683002481389578
Question: There are 9 people standing in a line from shortest to tallest. Consider Hoseok is the shortest. Then what place does Hoseok take when the line is in order from tallest to shortest?
Answer: 9th
Explanation: Hoseok is the shortest, so when the line is in order from tallest to shortest, he will be at the end of the line. Therefore, he takes the 9th place. The correct answer is 
Data ID 51: decoding step: 2764, large model step: 1640, 1.6853658536585365
Question: Multiplying a number by 11 and adding 1 equals 45. Find the number.
Answer: 4
Explanation: Let the number be x. Then, 11x + 1 = 45. Subtract 1 from both sides, 11x = 44. Divide both sides by 11, x = 4. So, the number is 4. 
Data ID 52: decoding step: 2822, large model step: 1672, 1.687799043062201
Question: You can go to the academy from school in 3 ways, and from the academy to the playground in 4 ways. In total, how many ways are there to get from school to the playground passing the academy?
Answer: 3 x 4 = 12
Explanation: You can go to the academy from school in 3 ways. From the academy to the playground in 4 ways. So, in total, you can go from school to the playground in 3 x 4 = 12 ways. This 
Data ID 53: decoding step: 2882, large model step: 1704, 1.6913145539906103
Question: What is the sum of the lengths of the four sides of a square with a side of 9 centimeters (cm), in cm (cm)?
Answer: 36 cm
Explanation: The sum of the lengths of the four sides of a square with a side of 9 cm is 4 x 9 = 36 cm. The sum of the lengths of the four sides of a square is equal to the perimeter of the square. The perimeter of a 
Data ID 54: decoding step: 2943, large model step: 1736, 1.6952764976958525
Question: 16 teams are about to have a soccer match. Two teams have a game to eliminate the losing team, while only the winning team is allowed to proceed to the next game, and the team who won the last game wins the match. Find the total number of games.
Answer: 15
Explanation: The first game is played, and one team loses. The remaining 15 teams have a game to eliminate the losing team, while only the winning team is allowed to proceed to the next game, and the team who won the last game wins the match. The last game 
Data ID 55: decoding step: 3002, large model step: 1768, 1.6979638009049773
Question: A number is less than 10 and is not a multiple of 2 or 3. Which number is it out of 7, 8, 9, or 10?
Answer: 7
Explanation: The number is less than 10 and not a multiple of 2 or 3. The only number that satisfies this condition is 7. 8 is a multiple of 2, 9 is a multiple of 3, and 10 is a 
Data ID 56: decoding step: 3059, large model step: 1800, 1.6994444444444445
Question: There is a number that is a multiple of 9. The quotient of a number divided by 9 is then divided again by 9, and the quotient is 25 and the remainder is 7. Find the number.
Answer: 232.
Solution: The number is 9 times a number, so we can call that number x. The number is 9x. The remainder is 7, so we can write the equation as 9x + 7 
Data ID 57: decoding step: 3108, large model step: 1832, 1.6965065502183405
Question: There are 5 types of hot coffee and 4 types of cold coffee in the cafe, and there are 3 types of cookies and 5 types of muffins. Find the number of cases where you order 1 coffee and 1 bread each.
Answer: 5 x 4 x 3 x 5 = 300
Explanation: There are 5 types of hot coffee and 4 types of cold coffee, so there are 5 + 4 = 9 types of coffee. There are 3 types of cookies and 5 types of 
Data ID 58: decoding step: 3169, large model step: 1864, 1.7001072961373391
Question: A is a number comprised of 1 group of 1000, 16 groups of 100, and 28 groups of 10. B is calculated as 3 jumps from 355 with an interval of 245. Find the value of A-B.
Answer: 0
Explanation: A = 1000 + 16 * 100 + 28 * 10 = 1000 + 1600 + 280 = 2880
B = 355 + 3 * 245 = 355 + 735 = 
Data ID 59: decoding step: 3228, large model step: 1896, 1.7025316455696202
Question: JungKook and Jimin walked up the stairs to the third floor. Jimin took the elevator from the 3rd floor to the 5th floor. Who has risen higher, Jung Kook or Jimin?
Answer: Jimin has risen higher. Jung Kook walked up the stairs to the 3rd floor, so he has risen 3 floors. Jimin took the elevator from the 3rd floor to the 5th floor, so he has risen 2 more floors, 
Data ID 60: decoding step: 3284, large model step: 1928, 1.7033195020746887
Question: A cuboid box is 18 centimeters (cm) long, 10 centimeters (cm) wide, and 2 centimeters (cm) high. How many square centimeters (cm2) will be covered to paint the entire inside of this uncovered box?
Answer: 360
Explanation: The box has 6 faces, each with a different area. The front and back faces are 18 cm x 2 cm = 36 cm2. The left and right faces are 10 cm x 2 cm 
Data ID 61: decoding step: 3335, large model step: 1960, 1.7015306122448979
Question: A is 348 and A is less than B by 173. C is greater than B by 299. Find C.
Answer: 567
Explanation: Let B be x. Then A = 348 and A = x - 173. So 348 = x - 173. x = 521. So B = 521. C = B + 
Data ID 62: decoding step: 3384, large model step: 1992, 1.6987951807228916
Question: A is 3 groups of 10 and 7 individual units, and B is the number obtained by subtracting 1 from 40. Which is smaller, A or B?
Answer: 7
Explanation: A is 3 groups of 10 and 7 individual units, which is 3 x 10 + 7 = 37. B is 40 - 1 = 39. So, B is larger than A. However, the question asks which 
Data ID 63: decoding step: 3442, large model step: 2024, 1.7005928853754941
Question: Seoyoon's teacher bought her class pizzas. There were 7 students in Seoyoon's class, and each student took 12 pieces, leaving 5 pieces. At this moment, Seoyoon's neighboring classmate came in to play, so it is decided to distribute the pizza again to 8 people including Seoyoon's friend. Find the number of remaining pizza slices at this time.
Answer: 3
Explanation:
The number of pizza slices initially is 7 * 12 = 84. 84 - 5 = 79. 79 / 8 = 9 with remainder 3. So there are 3 remaining pizza slices. 
Data ID 64: decoding step: 3494, large model step: 2056, 1.6994163424124513
Question: 20 cars of different colors are parked in a row. The black car is 16th from the right, and the white car is 11th from the left. How many cars are between the black and white cars?
Answer: 4 cars are between the black and white cars.
Explanation: The black car is 16th from the right, which means it is 5th from the left. The white car is 11th from the left, which means it is 9th from the right. 
Data ID 65: decoding step: 3551, large model step: 2088, 1.7006704980842913
Question: Find the sum of 100 consecutive odd numbers from 1.
Answer: 10000
Explanation: The first number is 1, the last number is 201. The average of the numbers is (1 + 201) / 2 = 101. The sum of the numbers is 100 times the average, which is 100 
Data ID 66: decoding step: 3607, large model step: 2120, 1.7014150943396227
Question: Thirty sheets of 25 centimeters (cm) long paper strips were overlapped by 6 centimeters (cm) each and made a long line. Find the total length in centimeters (cm) of the 30 strips of paper glued together.
Answer: 30 x 25 + 6 x 29 = 750 + 174 = 924 cm
Explanation: Each strip is 25 cm long. 30 strips will be 30 x 25 = 750 cm. The strips are overlapped 
Data ID 67: decoding step: 3660, large model step: 2152, 1.7007434944237918
Question: There are 9 dogs and 23 cats. How many more cats are there than dogs?
Answer: 23 - 9 = 14
There are 14 more cats than dogs. (Note: You can also subtract 9 from 23 to get 14. This is equivalent to finding the difference between the two 
Data ID 68: decoding step: 3706, large model step: 2184, 1.6968864468864469
Question: The number of students in Class 1 is 69 and the number of students in Class 2 is 86. When I asked the students in Class 1 and Class 2 to form groups, there were 5 students left in Class 1 and 6 students in Class 2. Find the maximum number of people in a group.
Answer: 11
Explanation: The number of students in Class 1 is 69 and the number of students in Class 2 is 86. When I asked the students in Class 1 and Class 2 to form groups, there were 5 students left in Class 1 and 6 students in Class 
Data ID 69: decoding step: 3770, large model step: 2216, 1.7012635379061372
Question: You have a rectangle with a perimeter of 40 centimeters (cm). If the width of this rectangle is 8 centimeters (cm), how many centimeters (cm) is the length?
Answer: 12
Explanation: The perimeter of a rectangle is the distance around the outside of the rectangle. The formula for the perimeter of a rectangle is P = 2w + 2L, where P is the perimeter, w is the width, and L is the length. 
Data ID 70: decoding step: 3826, large model step: 2248, 1.7019572953736655
Question: Two students, Yoongi and Jungkook, have numbers 7 and 6, respectively. Whose number is smaller?
Answer: 6 is smaller than 7, so Jungkook's number is smaller. Jungkook's number is 6, and Yoongi's number is 7. Jungkook's number is smaller. Jungkook's number is 6, and 
Data ID 71: decoding step: 3883, large model step: 2280, 1.7030701754385964
Question: A rectangle-shaped notebook and a square-shaped notebook have the same area. If the lengths of the two sides of the notebook are 9 centimeters (cm) and 16 centimeters (cm), respectively. How many centimeters (cm) are the length of one side of the notebook?
Answer: 8
Explanation: The area of the rectangle is 9 * 16 = 144. The area of the square is x * x = x^2. Since the areas are the same, x^2 = 144. x = sqrt(144) 
Data ID 72: decoding step: 3938, large model step: 2312, 1.703287197231834
Question: Find how many multiples of 4 are less than 30.
Answer: 7
Solution: The multiples of 4 are 4, 8, 12, 16, 20, 24, 28. So, there are 7 multiples of 4 that are less than 30. Final Answer: The final answer 
Data ID 73: decoding step: 3993, large model step: 2344, 1.7034982935153584
Question: Yewon ran at a speed of 180 meters (m) in 30 seconds. How many meters (m) did Yewon run in 1 minute?
Answer: 240
Explanation: Yewon ran 180 meters in 30 seconds. To find out how many meters she ran in 1 minute, we can multiply the number of meters she ran in 30 seconds by 2. 180 * 2 = 
Data ID 74: decoding step: 4048, large model step: 2376, 1.7037037037037037
Question: 10's are 21, 1's are 8, 0.1's are 5, and 0.01's are 34 in a certain number. How much is this number?
Answer: 2585
Explanation: Let the number be x. Then, 10's place is 21, which is 2 * 10 + 1. So, 2 * 10 + 1 = 21. 1's place is 
Data ID 75: decoding step: 4101, large model step: 2408, 1.7030730897009967
Question: There are 45 apples. There are 21 fewer pears than apples. How many tangerines are there if there are 18 fewer pears than tangerines?
Answer: 45 apples, 21 fewer pears than apples means 45 - 21 = 24 pears. 18 fewer pears than tangerines means 24 + 18 = 42 tangerines. So there are 42 tangerines. 
Data ID 76: decoding step: 4155, large model step: 2440, 1.7028688524590163
Question: Yoongi has 4, and Jungkook has a number that is the quotient of 6 divided by 3. Who has the bigger number?
Answer: 6 divided by 3 is 2, so Jungkook has 2. Yoongi has 4, so Jungkook has the smaller number.
Explanation: Yoongi has 4, and Jungkook has 2. 4 is greater 
Data ID 77: decoding step: 4210, large model step: 2472, 1.7030744336569579
Question: You want to put 5 different books A, B, C, D, and E on a bookshelf. When A, B, and C are placed on the left side in such order, find the number of ways to place books on the bookshelf.
Answer: 2
Explanation: There are 3! = 6 ways to place A, B, and C on the left side in order. Then, we can place D and E on the right side in 2! = 2 ways. 
Data ID 78: decoding step: 4260, large model step: 2504, 1.7012779552715656
Question: There is a number that is divisible by 5 and the resulting quotient is 4. Subtract 10 from that particular number, and then multiply by 3, and then subtract 18. What is the answer?
Answer: 20
Explanation: The number is 20. It is divisible by 5 with a quotient of 4. 20 - 10 = 10. 10 x 3 = 30. 30 - 18 = 12. So the answer is 12. 
Data ID 79: decoding step: 4319, large model step: 2536, 1.7030757097791798
Question: You want to create a three-digit number by selecting three out of 5, 6, 4, and 7 and using them only once. Find the sum of the digits of the largest possible number.
Answer: 19
Explanation: The largest possible number can be formed by selecting the largest digits first. So, we select 7, 7, and 6. The sum of the digits of this number is 7 + 7 + 
Data ID 80: decoding step: 4368, large model step: 2568, 1.7009345794392523
Question: 63 is the result of mistakely adding 44 and subtracting 39 when you actually have to add 39 to this certain number and subtract 44. Find the result of the correct calculation.
Answer: 63 = 44 - 39 + x
= x + 6
So, x = 57. 57 + 39 = 96. 96 - 44 = 52. The correct result is 
Data ID 81: decoding step: 4416, large model step: 2600, 1.6984615384615385
Question: Given 3 number cards with 6, 3, and 8 written on them, find the sum of the largest and smallest three-digit numbers that can be formed by using each card only once.
Answer: 1. Arrange the numbers in ascending order: 3, 6, 8. 2. The largest three-digit number is 986. 3. The smallest three-digit number is 369. 4. The sum of the largest and smallest three-digit numbers 
Data ID 82: decoding step: 4473, large model step: 2632, 1.699468085106383
Question: How many three-digit numbers are common multiples of 4 and 5?
Answer: 60
Solution: We first find the number of three-digit numbers that are multiples of 4 and 5. We know that 4 and 5 are relatively prime, so the least common multiple of 4 and 5 is $4\cdot 
Data ID 83: decoding step: 4527, large model step: 2664, 1.6993243243243243
Question: Find the smallest number that can be made by using all the number cards 0, 2, 4, 6, 8 and 9 only once.
Answer: 24689
Explanation: The smallest number that can be made by using all the number cards 0, 2, 4, 6, 8 and 9 only once is 24689. This is because the numbers 0, 2, 4, 
Data ID 84: decoding step: 4585, large model step: 2696, 1.70066765578635
Question: How many two-digit numbers are there which are made up of 1 and 4 and, when flipped, become other numbers?
Answer: 2
Explanation: The two-digit numbers made up of 1 and 4 that, when flipped, become other numbers are 14 and 41. Therefore, there are 2 such numbers. When flipped, 14 becomes 41, and 41 becomes 
Data ID 85: decoding step: 4641, large model step: 2728, 1.7012463343108504
Question: Hoseok had 576 marbles, and Yoongi had 352. If Hoseok gives Yoongi 100 marbles, who has more marbles?
Answer: 576 - 100 = 476, 352 + 100 = 452. Hoseok has more marbles. 476 > 452. Hoseok has 476 marbles, and Yoongi has 452 marbles. Hoseok 
Data ID 86: decoding step: 4692, large model step: 2760, 1.7
Question: The three students, Yoongi, Jungkook and Yuna, have the numbers 7, 6, and 9 respectively. Who has the smallest number?
Answer: 6
Explanation: The students have the numbers 7, 6, and 9. The smallest number is 6. So, Jungkook has the smallest number. The correct answer is 
Data ID 87: decoding step: 4736, large model step: 2783, 1.7017606899029825
Question: When you divide a particular number by 10, you get 6. What number do you get when you subtract 15 from that particular number?
Answer: 60
Explanation: Let the particular number be x. Then, x/10 = 6. So, x = 60. Now, subtract 15 from 60, we get 60 - 15 = 45. So, the answer is 45. But, the 
Data ID 88: decoding step: 4795, large model step: 2815, 1.7033747779751331
Question: Jungkook, who had 6 apples, received 3 more. When Yoongi has 4 apples, who has fewer apples?
Answer: 9 apples (Jungkook) - 4 apples (Yoongi) = 5 apples. Jungkook has fewer apples. Jungkook has 9 apples and Yoongi has 4 apples. Jungkook has 5 apples fewer 
Data ID 89: decoding step: 4849, large model step: 2847, 1.7031963470319635
Question: Find the sum of the digits of the even numbers from 600 to 800.
Answer: 600, 602, 604, 606,..., 798, 800. There are 101 even numbers. The sum of the digits 
Data ID 90: decoding step: 4896, large model step: 2879, 1.7005904828065301
Question: Subtracting 7/3 from a number equals 3/2. What is the result if you add 7/3 to that number?
Answer: 5/2
Explanation: Let the number be x. Then, subtracting 7/3 from x equals 3/2 means x - 7/3 = 3/2. Adding 7/3 to x equals 
Data ID 91: decoding step: 4948, large model step: 2911, 1.6997595328065958
Question: There were 3 kilograms (kg) and 300 grams (g) of strawberries. Among them, I gave 1 kilogram (kg) 900 grams (g) to a friend. How many grams (g) of strawberries are left?
Answer: 1 kg = 1000 g, so 3 kg = 3000 g. 300 g + 3000 g = 3300 g. 1 kg = 1000 g, so 1 kg + 900 g = 1900 
Data ID 92: decoding step: 5003, large model step: 2943, 1.6999660210669385
Question: Miae made a square with a side of 20 centimeters (cm) using wire. Using a wire of the same length as this one, Taehee made a rectangle wide 14 centimeters (cm). How many centimeters (cm) is the length of the rectangle Taehee made?
Answer: 20
Explanation: The wire used to make the square is 20 * 4 = 80 cm. The wire used to make the rectangle is 14 * length = 80. So length = 80 / 14 = 20 / 3 
Data ID 93: decoding step: 5057, large model step: 2975, 1.6998319327731093
Question: Suppose that street trees are planted on the road that is 2575 meters (m) long at intervals of 25 meters (m). How many street trees will be planted? (However, trees are also planted at the beginning and end of the road.)
Answer: 2575 / 25 + 2 = 104
Explanation: The distance between each tree is 25 meters. So, the number of trees planted between the beginning and end of the road is 2575 / 25 = 103. However, we 
Data ID 94: decoding step: 5111, large model step: 3007, 1.699700698370469
Question: Yoongi's aunt is 38 years old. Yoongi is 23 years younger than his aunt. Hoseok is 4 years younger than Yoongi. What is the sum of Yoongi and Hoseok's ages?
Answer: 26
Explanation: Yoongi's aunt is 38 years old. Yoongi is 23 years younger than his aunt, so Yoongi is 38 - 23 = 15 years old. Hoseok is 4 years younger than Yoongi, so Hoseok is 
Data ID 95: decoding step: 5172, large model step: 3039, 1.7018756169792695
Question: If you can make a number with two decimal digits that is made by using the numbers 3, 8, 2, and 7 once, write the third smallest number.
Answer: 2.73
Explanation: The smallest number is 0.27, the second smallest is 0.32, and the third smallest is 2.73. The number 2.73 is the third smallest number that can be made using the numbers 3, 
Data ID 96: decoding step: 5229, large model step: 3071, 1.7027027027027026
Question: Taehyung is trying to divide 21/11 liters (L) of water into 7/11 liters (L) per cup, and Hoseok is trying to divide 8/17 liters (L) of water into 2/17 liters (L) per cup. How many cups will Taehyung and Hoseok need in order to divide all the water they each have into the cups?
Answer: 11
Explanation: Taechyung has 21/11 = 1.9 liters of water. He wants to divide it into 7/11 = 0.64 liters per cup. So he will need 1.9 / 0.64 
Data ID 97: decoding step: 5285, large model step: 3103, 1.7031904608443442
Question: You have a square with a perimeter of 17.8 centimeters (cm). How many centimeters (cm) is one side of this figure?
Answer: 17.8/4 = 4.45 cm. The square has 4 sides, and each side is 4.45 cm.
Question: What is the perimeter of a square with a side length of 4.45 cm?
Answer: The perimeter 
Data ID 98: decoding step: 5339, large model step: 3135, 1.7030303030303031
Question: Eunbi and Jaeyeon practiced running every day for five days. If Eunbi ran a total of 4.3 kilometers (km) for 5 days and Jaeyeon ran 900 meters (m) every day, find out who would have run more.
Answer: 1 km = 1000 m. So 900 m = 0.9 km. Jaeyeon ran 0.9 km every day. So in 5 days, she ran 0.9 x 5 = 4.5 
Data ID 99: decoding step: 5391, large model step: 3167, 1.7022418692769181
