Question: Jungkook is the 5th place. Find the number of people who crossed the finish line faster than Jungkook.
Answer: 4
Explanation: Jungkook is the 5th place, so 4 people crossed the finish line faster than him. The person who came 5th is Jungkook himself, so the number of people who crossed the finish line faster than Jungkook is 
Data ID 0: decoding step: 57, large model step: 32, 1.78125
Question: A number divided by 10 is 6. Yoongi got the result by subtracting 15 from a certain number. What is the result he got?
Answer: 5
Explanation: Let the certain number be x. Then, (x - 15) / 10 = 6. Multiplying both sides by 10, we get x - 15 = 60. Adding 15 to both sides, we get x 
Data ID 1: decoding step: 113, large model step: 64, 1.765625
Question: Dongju selects a piece of paper with a number written on it, and wants to make a three-digit number by placing the first selected number in the hundreds place, the second selected in the tens place, and the third selected in the units place. If the numbers written on each paper was 1, 6, and 8, respectively, find the sum of the second smallest and third smallest three-digit numbers that Dongju can make. However, you cannot select the same numbered paper multiple times.
Answer: 114
Solution: The smallest three-digit number is 116, and the next smallest is 168. The sum of these numbers is 116 + 168 = 284. The third smallest number is 186, and the fourth smallest is 168. 
Data ID 2: decoding step: 166, large model step: 96, 1.7291666666666667
Question: You wanted to subtract 46 from a number, but you accidentally subtract 59 and get 43. How much do you get from the correct calculation?
Answer: 43 + 13 = 56
#### 56 - 46 = 10

Final Answer: The final answer is 10. I hope it is 
Data ID 3: decoding step: 200, large model step: 119, 1.680672268907563
Question: The length of one span of Jinseo is about 12 centimeters (cm). When Jinseo measured the length of the shorter side of the bookshelf, it was about two spans. How many centimeters (cm) is the short side of the bookshelf?
Answer: 2 x 12 = 24.
Explanation: Jinseo measured the length of the shorter side of the bookshelf. The length of one span of Jinseo is about 12 cm. So, when Jinseo measured the length of the shorter side of the bookshelf, 
Data ID 4: decoding step: 256, large model step: 151, 1.695364238410596
Question: The owner of the snack shop said that for a special occasion, he would give out cookies equal to the three-digit number made by using 1, 7, and 0 all at least once. What number should Haneul make to receive the most sweets?
Answer: 170
Explanation: The number should be as large as possible. 170 is the largest number that can be made using 1, 7, and 0 at least once.
Final Answer: The final answer is 170. I hope it is 
Data ID 5: decoding step: 309, large model step: 182, 1.6978021978021978
Question: For the natural number A, the quotient of A divided by 9 is 6 and the remainder is 5. What is the value of A?
Answer: 53
Explanation: A = 9 * 6 + 5 = 54 - 1 = 53.
Final Answer: The final answer is 53. I hope it is correct.assistant: I'm feeling a 
Data ID 6: decoding step: 359, large model step: 214, 1.6775700934579438
Question: How many diagonals can you draw in a decagon?
Answer: 20 diagonals
Explanation: A decagon is a polygon with 10 sides. Each vertex of the decagon can be connected to 7 other vertices to form a diagonal. Therefore, the total number of diagonals is 10 
Data ID 7: decoding step: 407, large model step: 246, 1.6544715447154472
Question: What is the difference between the largest number and the smallest number that can be made by selecting four from the number magnets 2, 0, 3, 5, and 8 and arranging them in a row to form a four-digit number?
Answer: 9999 - 2000 = 7999
The largest number that can be made is 9875 (by using the largest numbers 8, 7, 5, and 3) and the smallest number that can be made 
Data ID 8: decoding step: 458, large model step: 278, 1.6474820143884892
Question: Find the sum of all multiples of 9 that are less than 80.
Answer: 9(1+2+3+4+5+6+7) = 9(28) = 252.
Final Answer: The final answer is 252. I hope it is 
Data ID 9: decoding step: 500, large model step: 308, 1.6233766233766234
Question: This year, the age difference between Minsu and his mother is 28 years old, and after 13 years, the age of his mother will be twice that of Minsu. Find the age of Minsu this year.
Answer: 13 years old
Explanation: Let Minsu's current age be x. Then, the age of his mother is x + 28. After 13 years, Minsu's age will be x + 13, and his mother's age will 
Data ID 10: decoding step: 553, large model step: 340, 1.6264705882352941
Question: The exchange rate refers to the rate at which one country's currency is exchanged for another country's currency. Soojeong came back from a trip to the U.S. and exchanged the remaining 140 dollars for 158,760 won in Korean money at the bank today. What is the exchange rate of the Korean Won to the US Dollar today?

Answer: 140 dollars / 158,760 won = 1 dollar / 1133.4 won. So the exchange rate is 1 USD = 1133.4 KRW. (Note: Exchange rates can fluctuate constantly, 
Data ID 11: decoding step: 601, large model step: 372, 1.6155913978494623
Question: A parallelogram was cut to form a trapezoid, the lower side being 4 centimeters (cm) longer than the upper side. If the upper side is 12 centimeters (cm) and the height is 10 centimeters (cm), how much is the area of this trapezoid?
Answer: 140
Explanation: The area of a trapezoid is given by (1/2) * (sum of the bases) * height. Here, the bases are 12 cm and 16 cm, so the sum of the bases 
Data ID 12: decoding step: 652, large model step: 404, 1.613861386138614
Question: Yuran wants to buy a gift box that is 9 centimeters (cm) wide, 4 centimeters (cm) long, and 7 centimeters (cm) high. What is the volume in cubic centimeters (cm) of the gift box Yuran is buying?
Answer: 252 cubic centimeters (cm3)
Explanation: The formula for the volume of a rectangular prism is V = lwh, where V is the volume, l is the length, w is the width, and h is the height. 
Data ID 13: decoding step: 701, large model step: 436, 1.6077981651376148
Question: A country has a total of 3 islands. Each island has 12 ships, and each ship has 24 crew members. Find the number of crew members working on all the islands in this country.
Answer: 3 * 12 * 24 = 1296
Explanation: First, find the number of ships: 3 islands * 12 ships per island = 36 ships. Then, find the number of crew members: 36 ships * 24 crew members per ship 
Data ID 14: decoding step: 758, large model step: 468, 1.6196581196581197
Question: Jian has 3 notebooks in his bag, Doyun has 5 notebooks in his bag, and Siu has 2 notebooks in his bag. Who has the second most notebooks?
Answer: 3. Jian has 3 notebooks, Doyun has the most with 5, and Siu has the second most with 2. So, the correct answer is Siu. (Note: The question is asking for the second most, not the second 
Data ID 15: decoding step: 812, large model step: 500, 1.624
Question: Farm A has a rectangular shape measuring 6 kilometers (km) by 9 kilometers (km), and Farm B has a square shape measuring 8 kilometers (km) by 8 km by 8 kilometers (km). The owners of both farms want to build a fence around the perimeter of the farm by putting together wooden planks of the same length. Which farm needs more planks?
Answer: 8 km by 8 km by 8 km
Explanation: The perimeter of Farm A is 2(6) + 2(9) = 24 km. The perimeter of Farm B is 4(8) = 32 km. Therefore, Farm B needs more 
Data ID 16: decoding step: 871, large model step: 532, 1.637218045112782
Question: Seungyeon is wrapping the box with ribbon tape. If 28 identical boxes are wrapped with the ribbon tape that is 82.04 meters (m) long and there should be no tape left after wrapping, how many meters (m) of ribbon tape are needed to wrap one box?
Answer: 2.9
Explanation: 82.04 / 28 = 2.9. Since the ribbon tape is 82.04 meters long and there should be no tape left after wrapping, the length of ribbon tape needed to wrap one box is 2.9 
Data ID 17: decoding step: 928, large model step: 564, 1.6453900709219857
Question: The four students, Jimin, Yoongi, Taehyung, and Namjoon, are of different ages. Yoongi is older than Namjoon, and Jimin is older than Taehyung but younger than Namjoon. Who is the youngest among the 4 people?
Answer: Taehyung
Explanation: The information given in the question is as follows:
1. Yoongi is older than Namjoon.
2. Jimin is older than Taehyung.
3. Jimin is younger than Namjoon.

From the above 
Data ID 18: decoding step: 985, large model step: 596, 1.6526845637583893
Question: Taehyung is trying to get to his grandmother's house, which is 300 kilometers (km) away on a motorcycle at 60 kilometers (km) per hour. Find how far Taehyung needs to go when 2 hours have passed since he left.
Answer: 120 km
Explanation: Distance = Speed * Time. Distance = 60 * 2 = 120 km. Taehyung has already traveled 120 km in 2 hours. He still needs to travel 300 - 120 = 180 km to 
Data ID 19: decoding step: 1039, large model step: 628, 1.6544585987261147
Question: Find A that satisfies 32×A×A×A=42592
Answer: 128
Explanation: 42592/1024 = 42. So, A = 42. But, we need to find A that satisfies 32×A×A×A=42592. So, 
Data ID 20: decoding step: 1092, large model step: 660, 1.6545454545454545
Question: My mother is 43 years old this year. A few years ago, her age was five times her daughter's age, who is 11 years old this year. Find how many years ago it was.
Answer: 4 years ago.
Explanation: Let the number of years ago it was be x. Then, 5 * 11 - 43 = x. 55 - 43 = x. 12 = x.
Final Answer: The 
Data ID 21: decoding step: 1140, large model step: 692, 1.6473988439306357
Question: Jungkook, Jimin, Seokjin, Taehyung, and Namjoon are standing side by side. Jungkook is standing next to Jimin's right side, and Seokjin is standing next to Jimin's left side. Also, Namjoon is standing to the left of Seokjin, and Jungkook is standing to the left of Taehyung. Who's standing on the furthest right?
Answer: 1. Jimin
Explanation: The given information tells us that Jungkook is standing next to Jimin's right side, which means Jimin is standing on the right side. Seokjin is standing next to Jimin's left side, which 
Data ID 22: decoding step: 1192, large model step: 724, 1.6464088397790055
Question: When a number is multiplied by 14, it is 458.64. When a number is divided by 17, round the remainder to two decimal places.
Answer: 27.12
Explanation: Let the number be x. Then, 14x = 458.64. So, x = 458.64 / 14 = 32.8. When x is divided by 17, the remainder is 12. 
Data ID 23: decoding step: 1248, large model step: 756, 1.6507936507936507
Question: Taehyung has 45 candies. If he plans to give 5 candies to his friends, how many friends can get candies in maximum?
Answer: 4
Explanation: Taechyung has 45 candies and he plans to give 5 candies to his friends. So, he can give candies to 45 / 5 = 9 friends. But, he can give candies to maximum 4 friends because he 
Data ID 24: decoding step: 1303, large model step: 788, 1.6535532994923858
Question: Jeonghee, Cheolsu, Eunsu, and Minjun went to the cinema to watch a horror movie. If Eunsu and Minjun, who can't watch horror movies, don't sit next to each other, find the number of cases in which four people sit in a row. (However, there are four seats and all are attached.)
Answer: 36
Explanation: There are 4! = 24 ways to arrange the four people. However, Eunsu and Minjun can be arranged in 2! = 2 ways. Therefore, the number of cases in which four people sit 
Data ID 25: decoding step: 1354, large model step: 820, 1.6512195121951219
Question: There are two types of Korean language workbooks and four types of math workbooks. When choosing one book among them, in how many cases can you choose Korean workbook or math workbook?
Answer: 2 * 4 = 8
Explanation: There are two types of Korean language workbooks and four types of math workbooks. So, there are 2 * 4 = 8 cases in total.
Final Answer: The final answer is 8. I 
Data ID 26: decoding step: 1409, large model step: 852, 1.653755868544601
Question: How many three-digit numbers can you make from three different numbers of the numbers 1, 3, 6, and 7?
Answer: 24
Solution: We can make three-digit numbers by choosing the first digit from 1, 3, 6, 7, the second digit from the remaining 3 numbers, and the third digit from the remaining 2 
Data ID 27: decoding step: 1458, large model step: 884, 1.6493212669683257
Question: When you multiply a number by 7, it becomes 98. What is that number?
Answer: 14
Explanation: When you multiply 14 by 7, you get 98. That's because 7 x 14 = 98. So, the number is 14. That's the correct answer. I hope it is correct. Please let 
Data ID 28: decoding step: 1511, large model step: 916, 1.6495633187772927
Question: A car that requires 0.14 liters (l) of gasoline to run 1 kilometer (km) ran for 2 hours and 30 minutes at 93.6 kilometers (km) per hour. How many liters of gasoline did it use?
Answer: 0.14 * 2.25 * 93.6 = 3.2436
Final Answer: The final answer is 3.24. I hope it is 
Data ID 29: decoding step: 1549, large model step: 939, 1.6496272630457933
Question: Among Rat, Cow, Tiger, Rabbit, Dragon, and Snake, find the number of cases in which the rat is placed at the very front, the snake at the very back, and the rest are placed in one line.
Answer: 3
Explanation: The number of cases in which the rat is placed at the very front, the snake at the very back, and the rest are placed in one line is 3.
The three possible arrangements are:
1. Rat, Cow, Tiger, Rabbit, 
Data ID 30: decoding step: 1604, large model step: 971, 1.6519052523171989
Question: There are three numbers 10, 11, and 12. What is the difference between the smallest number and the second smallest number?
Answer: 1
Explanation: The smallest number is 10 and the second smallest number is 11. The difference between them is 1. Therefore, the correct answer is 1. The other options are incorrect. The smallest number is not 11, nor is the second smallest 
Data ID 31: decoding step: 1661, large model step: 1003, 1.6560319042871385
Question: The smallest two-digit number that can be formed by two of 0, 3, 4, 6, and 8 is subtracted by a certain number and it became 7. Find the number.
Answer: 34
Explanation: The smallest two-digit number that can be formed by two of 0, 3, 4, 6, and 8 is 13. So, 13 - x = 7. x = 13 - 7 = 
Data ID 32: decoding step: 1717, large model step: 1035, 1.6589371980676328
Question: A pink rabbit and a white rabbit is running a race. The pink rabbit ran at a speed of 15 kilometers per hour (km), and the white rabbit ran at a speed of 10 kilometers per hour (km), arriving 30 minutes later than the pink rabbit. Find the time it took for the pink rabbit to arrive.
Answer: 1 hour
Explanation: The pink rabbit ran at 15 km/h and the white rabbit ran at 10 km/h. The white rabbit took 30 minutes longer than the pink rabbit. So the white rabbit took 1 hour to complete the race. Since the pink rabbit 
Data ID 33: decoding step: 1774, large model step: 1067, 1.662605435801312
Question: A regular hexagon with an area of 21.12 square centimeters (cm2) is divided into six pieces. If the cut pieces have the same shape and size, find the area of one piece in square centimeters (cm2).
Answer: 3.52
Explanation: The area of the hexagon is 21.12. The hexagon is divided into 6 congruent pieces. So the area of one piece is 21.12 / 6 = 3.52. The answer is 
Data ID 34: decoding step: 1831, large model step: 1099, 1.6660600545950865
Question: There are 5 different people. Everyone wanted to be an executive, so you decided to have 1 chairman, 1 vice-president, 1 secretary, 1 secretary, and 1 manager. Find the possible number of cases for assigning the position.
Answer: 5! = 5 × 4 × 3 × 2 × 1 = 120
Explanation: There are 5 people and 5 positions. So, the number of cases is 5! (5 factorial) = 5 × 
Data ID 35: decoding step: 1884, large model step: 1131, 1.6657824933687002
Question: There are a total of 928 baduk stones and 713 of them are colored white. Find the difference between the number of white stones and black stones.
Answer: 928 - 713 = 215
There are 215 more white stones than black stones. However, since there are no black stones, there are no black stones to compare with. The question is asking for the difference between the number of white stones 
Data ID 36: decoding step: 1935, large model step: 1163, 1.6638005159071367
Question: I should have subtracted 23, but I mistakenly subtracted 32 from some number and got 25. How much do you get when calculated correctly?
Answer: 25 + 7 = 32. So the correct answer is 32 - 7 = 25. The correct answer is 32. I should have subtracted 23, but I mistakenly subtracted 32 from some number and got 25. How much 
Data ID 37: decoding step: 1990, large model step: 1195, 1.6652719665271967
Question: You have five numbers 10, 11, 12, 13, and 14. What is the sum of the largest number and the second smallest number?
Answer: 13 + 11 = 24
#### Explanation:
The largest number is 14 and the second smallest number is 11. The sum of these two numbers is 14 + 11 = 25. I apologize for the mistake. The correct answer is 25. 
Data ID 38: decoding step: 2046, large model step: 1227, 1.667481662591687
Question: There are 42 chickens and 48 ducks on the farm, and there are as many geese as there are chickens. How many ducks are fewer than the number of chickens and geese combined?
Answer: 42 + 48 = 90. 90 - 48 = 42.
Final Answer: The final answer is 42. I hope it is correct.assistant: I'm happy to help you 
Data ID 39: decoding step: 2091, large model step: 1259, 1.6608419380460684
Question: When 14.23 is divided by 4.7, find the value to two decimal places.
Answer: 3.02. When 14.23 is divided by 4.7, the result is 3.02. Final Answer: The final answer is 3.02. I hope it is correct. ###### Related Questions
    1. 
Data ID 40: decoding step: 2145, large model step: 1291, 1.6615027110766847
Question: The rectangular shape of the ttakji's area is 1.77 square centimeters (cm2). If the width of this ttakji is 3 centimeters (cm), how many centimeters (cm) will the length be?
Answer: 1.77 / 0.3 = 5.9 cm. The length is 5.9 cm. The width is 3 cm. The area is 1.77 cm2. The ratio of the length to the width is 5.9 / 3 
Data ID 41: decoding step: 2204, large model step: 1323, 1.6659108087679517
Question: A3B-41=591. How much is A?
Answer: 14
Explanation: A3B-41=591
A = 14, B = 9, 14*9 - 41 = 591
Final Answer: The final answer is 14. I hope it is 
Data ID 42: decoding step: 2253, large model step: 1354, 1.6639586410635154
Question: When a number is divided by 6, it becomes 1/10. What is the value of the number divided by 3/25?
Answer: 50
Explanation: Let the number be x. Then, x/6 = 1/10 => x = 6/10 = 3/5. Now, x/3/25 = 3/5 / 3/25 = 
Data ID 43: decoding step: 2306, large model step: 1386, 1.6637806637806638
Question: I have to divide a number by 8, but I accidentally multiply a number by 6 is 96. What is the correct calculation result?
Answer: 96 / 8 = 12
Explanation: The problem states that 6 times a number equals 96. So, we can write this as:
6x = 96
To solve for x, we can divide both sides by 
Data ID 44: decoding step: 2356, large model step: 1418, 1.6614950634696757
Question: How many multiples of 4 are there among the four-digit numbers made using the number cards 1, 3, 5, and 6 once?
Answer: 6
Final Answer: The final answer is 6. I hope it is correct. \\

Let's look at the four-digit numbers made using the number cards 1, 3, 5, and 6 once. The number cards 
Data ID 45: decoding step: 2408, large model step: 1450, 1.6606896551724137
Question: When you multiply a number by 2, you get 18. What is the value of this number when you subtract 4?
Answer: 7
Explanation: When you multiply a number by 2, you get 18. So the number is 18/2 = 9. When you subtract 4 from 9, you get 9 - 4 = 7. So the value of this number when 
Data ID 46: decoding step: 2466, large model step: 1482, 1.6639676113360324
Question: It is said that it takes an hour to make 8 toys from one machine. How many hours would it take to make 200 toys using 5 machines?
Answer: 40 hours
Explanation: It takes 1 hour to make 8 toys. So, it takes 0.125 hours (1/8) to make 1 toy. It would take 0.125 * 200 = 25 hours to make 200 toys 
Data ID 47: decoding step: 2523, large model step: 1514, 1.666446499339498
Question: It rained 135 millimeters (mm) yesterday and 12 centimeters (cm) 7 millimeters (mm) today. Find the answer on which day it rained more between yesterday and today.
Answer: 135 mm
Explanation: 135 mm is the amount of rain that fell yesterday. 12 cm is the same as 120 mm. 7 mm is the amount of rain that fell today. So, the total amount of rain that fell today 
Data ID 48: decoding step: 2574, large model step: 1546, 1.6649417852522639
Question: As a result of the Korean language test in the school, Taehyung, Minju, Sangmin, Yoonjung, and Yoojung received the highest score in that order. Who got the highest score?
Answer: 1. Taehyung
Explanation: The question states that Taehyung, Minju, Sangmin, Yoonjung, and Yoojung received the highest score in that order. This means that Taehyung got the highest score, Minju got the 
Data ID 49: decoding step: 2633, large model step: 1578, 1.6685678073510772
Question: Find the perimeter of a regular octagon with a side length of 12 meters (m), in meters (m).
Answer: 48 m

Explanation: The perimeter of a regular octagon is the sum of all its sides. In this case, the side length is 12 meters, so the perimeter is:

Perimeter = 8 x side length
= 8 x 
Data ID 50: decoding step: 2685, large model step: 1610, 1.6677018633540373
Question: There are 9 people standing in a line from shortest to tallest. Consider Hoseok is the shortest. Then what place does Hoseok take when the line is in order from tallest to shortest?
Answer: 9th
Explanation: Hoseok is the shortest, so he will be at the end of the line when it is in order from tallest to shortest. Therefore, he takes the 9th place. The other 8 people are taller than him. The line is in 
Data ID 51: decoding step: 2741, large model step: 1642, 1.669305724725944
Question: Multiplying a number by 11 and adding 1 equals 45. Find the number.
Answer: 4
Explanation: Let the number be x. Then, 11x + 1 = 45. Subtract 1 from both sides to get 11x = 44. Divide both sides by 11 to get x = 4. So, 
Data ID 52: decoding step: 2794, large model step: 1674, 1.6690561529271206
Question: You can go to the academy from school in 3 ways, and from the academy to the playground in 4 ways. In total, how many ways are there to get from school to the playground passing the academy?
Answer: 3 x 4 = 12
Explanation: There are 3 ways to get from school to the academy, and 4 ways to get from the academy to the playground. So, there are 3 x 4 = 12 ways to get from school to the playground 
Data ID 53: decoding step: 2851, large model step: 1706, 1.6711606096131302
Question: What is the sum of the lengths of the four sides of a square with a side of 9 centimeters (cm), in cm (cm)?
Answer: 36 cm. The sum of the lengths of the four sides of a square is 4 x 9 = 36 cm. Therefore, the answer is 36 cm. I hope it is correct. If you have any doubt, please 
Data ID 54: decoding step: 2900, large model step: 1738, 1.668584579976985
Question: 16 teams are about to have a soccer match. Two teams have a game to eliminate the losing team, while only the winning team is allowed to proceed to the next game, and the team who won the last game wins the match. Find the total number of games.
Answer: 15
Explanation: The first game eliminates 1 team. The second game eliminates 1 team. So, 2 teams are eliminated. The remaining 14 teams will have 14 - 1 = 13 games. So, the total number of games 
Data ID 55: decoding step: 2953, large model step: 1770, 1.668361581920904
Question: A number is less than 10 and is not a multiple of 2 or 3. Which number is it out of 7, 8, 9, or 10?
Answer: 7
Explanation: The number is less than 10, so it can be 7, 8, or 9. It is not a multiple of 2 or 3, so it cannot be 8 or 9. Therefore, the number is 7. The other options 
Data ID 56: decoding step: 3013, large model step: 1802, 1.672031076581576
Question: There is a number that is a multiple of 9. The quotient of a number divided by 9 is then divided again by 9, and the quotient is 25 and the remainder is 7. Find the number.
Answer: 242
Explanation: Let the number be x. Then x/9 = 25 with a remainder of 7. So x = 9 * 25 + 7 = 226. But the number is a multiple of 9, so 
Data ID 57: decoding step: 3064, large model step: 1834, 1.6706652126499455
Question: There are 5 types of hot coffee and 4 types of cold coffee in the cafe, and there are 3 types of cookies and 5 types of muffins. Find the number of cases where you order 1 coffee and 1 bread each.
Answer: 5 x 4 x 3 x 5 = 300
Explanation: There are 5 types of hot coffee and 4 types of cold coffee, so there are 5 + 4 = 9 types of coffee. There are 3 types of cookies and 5 
Data ID 58: decoding step: 3122, large model step: 1866, 1.6730975348338692
Question: A is a number comprised of 1 group of 1000, 16 groups of 100, and 28 groups of 10. B is calculated as 3 jumps from 355 with an interval of 245. Find the value of A-B.
Answer: 0
Explanation: A = 1000 + 16 * 100 + 28 * 10 = 1000 + 1600 + 280 = 2880
B = 355 - 3 * 245 = 355 - 735 = 
Data ID 59: decoding step: 3179, large model step: 1898, 1.6749209694415175
Question: JungKook and Jimin walked up the stairs to the third floor. Jimin took the elevator from the 3rd floor to the 5th floor. Who has risen higher, Jung Kook or Jimin?
Answer: Jimin has risen higher. Jung Kook walked up the stairs to the 3rd floor, while Jimin took the elevator from the 3rd floor to the 5th floor, which is 2 floors higher. So, Jimin has risen 
Data ID 60: decoding step: 3233, large model step: 1928, 1.6768672199170125
Question: A cuboid box is 18 centimeters (cm) long, 10 centimeters (cm) wide, and 2 centimeters (cm) high. How many square centimeters (cm2) will be covered to paint the entire inside of this uncovered box?
Answer: 360
Explanation: The area of the box is the sum of the areas of the six faces, which are: 2 x (18 x 10) = 360, and 2 x (18 x 2) = 72, and 2 x 
Data ID 61: decoding step: 3289, large model step: 1960, 1.6780612244897959
Question: A is 348 and A is less than B by 173. C is greater than B by 299. Find C.
Answer: 567
Explanation: Let B = x, then A = x - 173. Given A = 348, so x - 173 = 348, x = 521. C = x + 299 = 521 + 299 = 820. So 
Data ID 62: decoding step: 3344, large model step: 1992, 1.678714859437751
Question: A is 3 groups of 10 and 7 individual units, and B is the number obtained by subtracting 1 from 40. Which is smaller, A or B?
Answer: 10
Explanation: A is 3 groups of 10 and 7 individual units, which is 3 x 10 + 7 = 37. B is 40 - 1 = 39. So, B is larger than A. A is 
Data ID 63: decoding step: 3399, large model step: 2024, 1.6793478260869565
Question: Seoyoon's teacher bought her class pizzas. There were 7 students in Seoyoon's class, and each student took 12 pieces, leaving 5 pieces. At this moment, Seoyoon's neighboring classmate came in to play, so it is decided to distribute the pizza again to 8 people including Seoyoon's friend. Find the number of remaining pizza slices at this time.
Answer: 1
Explanation: Originally, there were 7 students in Seoyoon's class, and each student took 12 pieces, leaving 5 pieces. So there were 7 * 12 = 84 pieces originally. After 7 students took 12 pieces each, there 
Data ID 64: decoding step: 3457, large model step: 2056, 1.681420233463035
Question: 20 cars of different colors are parked in a row. The black car is 16th from the right, and the white car is 11th from the left. How many cars are between the black and white cars?
Answer: 5
Explanation: The black car is 16th from the right, which means there are 15 cars to the right of it. The white car is 11th from the left, which means there are 10 cars to the left of it. So, the 
Data ID 65: decoding step: 3513, large model step: 2088, 1.6824712643678161
Question: Find the sum of 100 consecutive odd numbers from 1.
Answer: 10000.
Solution: The first number is 1, the last number is 1 + 2(100) = 201. The sum of the numbers is (1 + 201) * 100 / 2 = 10000. 
Data ID 66: decoding step: 3565, large model step: 2120, 1.6816037735849056
Question: Thirty sheets of 25 centimeters (cm) long paper strips were overlapped by 6 centimeters (cm) each and made a long line. Find the total length in centimeters (cm) of the 30 strips of paper glued together.
Answer: 750
Explanation: Each strip is 25 cm long. There are 30 strips. So the total length of the individual strips is 30 x 25 = 750 cm. Each strip overlaps the other by 6 cm. So the total length of the 
Data ID 67: decoding step: 3620, large model step: 2152, 1.6821561338289963
Question: There are 9 dogs and 23 cats. How many more cats are there than dogs?
Answer: 23 - 9 = 14
Explanation: To find the difference, subtract the number of dogs from the number of cats. 23 - 9 = 14. There are 14 more cats than dogs. This is also the same as finding the absolute 
Data ID 68: decoding step: 3675, large model step: 2184, 1.6826923076923077
Question: The number of students in Class 1 is 69 and the number of students in Class 2 is 86. When I asked the students in Class 1 and Class 2 to form groups, there were 5 students left in Class 1 and 6 students in Class 2. Find the maximum number of people in a group.
Answer: 11
Explanation: The number of students in Class 1 is 69 and the number of students in Class 2 is 86. When I asked the students in Class 1 and Class 2 to form groups, there were 5 students left in Class 1 and 6 students in Class 
Data ID 69: decoding step: 3739, large model step: 2216, 1.687274368231047
Question: You have a rectangle with a perimeter of 40 centimeters (cm). If the width of this rectangle is 8 centimeters (cm), how many centimeters (cm) is the length?
Answer: 12
Explanation: The perimeter of a rectangle is the distance around the rectangle. The formula for the perimeter of a rectangle is P = 2(l + w), where P is the perimeter, l is the length, and w is the width. 
Data ID 70: decoding step: 3790, large model step: 2248, 1.6859430604982206
Question: Two students, Yoongi and Jungkook, have numbers 7 and 6, respectively. Whose number is smaller?
Answer: 6 is smaller than 7.
Explanation: Yoongi has the number 7, and Jungkook has the number 6. Since 6 is less than 7, Jungkook's number is smaller. Therefore, Jungkook's number is smaller. 
Data ID 71: decoding step: 3848, large model step: 2280, 1.687719298245614
Question: A rectangle-shaped notebook and a square-shaped notebook have the same area. If the lengths of the two sides of the notebook are 9 centimeters (cm) and 16 centimeters (cm), respectively. How many centimeters (cm) are the length of one side of the notebook?
Answer: 8
Explanation: The area of the rectangle is 9 * 16 = 144. The area of the square is x * x = x^2. Since the area of the rectangle and the square are the same, then 144 = 
Data ID 72: decoding step: 3902, large model step: 2312, 1.6877162629757785
Question: Find how many multiples of 4 are less than 30.
Answer: 7
Explanation: Multiples of 4 are 4, 8, 12, 16, 20, 24, 28. So, there are 7 multiples of 4 less than 30. Final Answer: The final answer is 
Data ID 73: decoding step: 3957, large model step: 2344, 1.6881399317406143
Question: Yewon ran at a speed of 180 meters (m) in 30 seconds. How many meters (m) did Yewon run in 1 minute?
Answer: 1 minute = 60 seconds. 180 m / 30 s = 6 m/s. 6 m/s * 60 s = 360 m. So Yewon ran 360 m in 1 minute. Final 
Data ID 74: decoding step: 4006, large model step: 2376, 1.686026936026936
Question: 10's are 21, 1's are 8, 0.1's are 5, and 0.01's are 34 in a certain number. How much is this number?
Answer: 2585
Explanation: The number is 2585. 10's place is 2, 1's place is 5, 0.1's place is 8, and 0.01's place is 5. 2 
Data ID 75: decoding step: 4059, large model step: 2408, 1.6856312292358804
Question: There are 45 apples. There are 21 fewer pears than apples. How many tangerines are there if there are 18 fewer pears than tangerines?
Answer: 45 apples, 21 fewer pears than apples means 45 - 21 = 24 pears. 18 fewer pears than tangerines means 24 + 18 = 42 tangerines. So there are 42 tangerines. 
Data ID 76: decoding step: 4113, large model step: 2440, 1.685655737704918
Question: Yoongi has 4, and Jungkook has a number that is the quotient of 6 divided by 3. Who has the bigger number?
Answer: 6 divided by 3 is 2, so Jungkook has 2. Yoongi has 4, which is bigger than 2. So, Yoongi has the bigger number. Answer: Yoongi. Final Answer: The final 
Data ID 77: decoding step: 4166, large model step: 2472, 1.685275080906149
Question: You want to put 5 different books A, B, C, D, and E on a bookshelf. When A, B, and C are placed on the left side in such order, find the number of ways to place books on the bookshelf.
Answer: 5! / 3! = 10
Explanation: There are 5! (5 factorial) ways to arrange 5 books. But, A, B, and C are already placed on the left side, so we need 
Data ID 78: decoding step: 4214, large model step: 2504, 1.6829073482428114
Question: There is a number that is divisible by 5 and the resulting quotient is 4. Subtract 10 from that particular number, and then multiply by 3, and then subtract 18. What is the answer?
Answer: 10
Explanation: The number is 20. It is divisible by 5 with a quotient of 4. 20 - 10 = 10, then 10 * 3 = 30, then 30 - 18 = 12. But the 
Data ID 79: decoding step: 4269, large model step: 2536, 1.6833596214511042
Question: You want to create a three-digit number by selecting three out of 5, 6, 4, and 7 and using them only once. Find the sum of the digits of the largest possible number.
Answer: 19
Explanation: The largest possible number can be formed by selecting the largest digits first. So, we can select 7, 7, and 6 to form the largest possible number, which is 776. The sum of the digits of this number is 
Data ID 80: decoding step: 4324, large model step: 2568, 1.6838006230529594
Question: 63 is the result of mistakely adding 44 and subtracting 39 when you actually have to add 39 to this certain number and subtract 44. Find the result of the correct calculation.
Answer: 63 = 44 - 39 + x
= x + 6
So x = 57
So the correct calculation is 57 + 39 - 44. The result is 52. Hence the correct answer is 
Data ID 81: decoding step: 4373, large model step: 2600, 1.6819230769230769
Question: Given 3 number cards with 6, 3, and 8 written on them, find the sum of the largest and smallest three-digit numbers that can be formed by using each card only once.
Answer: 6, 3, and 8 can be arranged in 3! = 6 ways. The largest three-digit number is 863 and the smallest three-digit number is 336. The sum of these two numbers is 863 + 336 
Data ID 82: decoding step: 4425, large model step: 2632, 1.6812310030395137
Question: How many three-digit numbers are common multiples of 4 and 5?
Answer: 60
Solution: A number is a multiple of 4 and 5 if it is a multiple of 20. The smallest three-digit multiple of 20 is 100 and the largest is 980. The number of 
Data ID 83: decoding step: 4472, large model step: 2664, 1.6786786786786787
Question: Find the smallest number that can be made by using all the number cards 0, 2, 4, 6, 8 and 9 only once.
Answer: 24689
Explanation: The smallest number that can be made by using all the number cards 0, 2, 4, 6, 8 and 9 only once is 24689. This is because the smallest number that can be made by using all the number cards 
Data ID 84: decoding step: 4531, large model step: 2696, 1.6806379821958457
Question: How many two-digit numbers are there which are made up of 1 and 4 and, when flipped, become other numbers?
Answer: 2
Explanation: The two-digit numbers are 14 and 41. When flipped, they become 41 and 14, respectively. So, there are 2 such numbers. The numbers are 14 and 41. When flipped, they become 41 
Data ID 85: decoding step: 4585, large model step: 2728, 1.6807184750733137
Question: Hoseok had 576 marbles, and Yoongi had 352. If Hoseok gives Yoongi 100 marbles, who has more marbles?
Answer: 576 - 100 = 476, 352 + 100 = 452. Hoseok has more marbles. 476 > 452. So Hoseok has more marbles. Hoseok has 476 marbles and Yoongi has 452 
Data ID 86: decoding step: 4640, large model step: 2760, 1.681159420289855
Question: The three students, Yoongi, Jungkook and Yuna, have the numbers 7, 6, and 9 respectively. Who has the smallest number?
Answer: 6
Explanation: The numbers are 6, 7, and 9. The smallest number is 6. Jungkook has the smallest number. Yuna has the largest number. Yoongi has the middle number. Jungkook is the one who has the 
Data ID 87: decoding step: 4697, large model step: 2792, 1.6823065902578798
Question: When you divide a particular number by 10, you get 6. What number do you get when you subtract 15 from that particular number?
Answer: 60
Explanation: When you divide a number by 10 and get 6, that number is 60. So, if you subtract 15 from 60, you get 45. However, the question asks for the number when you 
Data ID 88: decoding step: 4748, large model step: 2824, 1.6813031161473089
Question: Jungkook, who had 6 apples, received 3 more. When Yoongi has 4 apples, who has fewer apples?
Answer: 9 - 4 = 5 apples. Jungkook has 9 apples, which is more than Yoongi's 4 apples. So, Yoongi has fewer apples. Jungkook has 9 apples and Yoongi has 4 apples. 
Data ID 89: decoding step: 4805, large model step: 2856, 1.682422969187675
Question: Find the sum of the digits of the even numbers from 600 to 800.
Answer: 600, 602, 604,..., 798, 800. The even numbers from 600 to 800 are 600, 602, 604,..., 798, 800. The sum of the digits of these numbers 
Data ID 90: decoding step: 4859, large model step: 2888, 1.6824792243767313
Question: Subtracting 7/3 from a number equals 3/2. What is the result if you add 7/3 to that number?
Answer: 5/2
Explanation: Let the number be x. Then, subtracting 7/3 from x equals 3/2 is given by the equation:
x - 7/3 = 3/2
Add 7/3 to 
Data ID 91: decoding step: 4911, large model step: 2920, 1.6818493150684932
Question: There were 3 kilograms (kg) and 300 grams (g) of strawberries. Among them, I gave 1 kilogram (kg) 900 grams (g) to a friend. How many grams (g) of strawberries are left?
Answer: 1500 grams (g) of strawberries are left. 3 kg + 300 g = 3300 g. 1 kg = 1000 g, so 1 kg + 900 g = 1900 g. 3300 g - 
Data ID 92: decoding step: 4966, large model step: 2952, 1.682249322493225
Question: Miae made a square with a side of 20 centimeters (cm) using wire. Using a wire of the same length as this one, Taehee made a rectangle wide 14 centimeters (cm). How many centimeters (cm) is the length of the rectangle Taehee made?
Answer: 20
Explanation: The perimeter of a square is the same as the perimeter of a rectangle. The perimeter of a square is 4 times the length of the side. The perimeter of the square is 4 x 20 = 80. The perimeter of 
Data ID 93: decoding step: 5019, large model step: 2984, 1.681970509383378
Question: Suppose that street trees are planted on the road that is 2575 meters (m) long at intervals of 25 meters (m). How many street trees will be planted? (However, trees are also planted at the beginning and end of the road.)
Answer: 2575 / 25 + 2 = 104
Explanation: The road is 2575 meters long. Trees are planted at intervals of 25 meters. So, the number of trees that can be planted is 2575 / 25 = 103. 
Data ID 94: decoding step: 5075, large model step: 3016, 1.6826923076923077
Question: Yoongi's aunt is 38 years old. Yoongi is 23 years younger than his aunt. Hoseok is 4 years younger than Yoongi. What is the sum of Yoongi and Hoseok's ages?
Answer: 42
Explanation: Yoongi's aunt is 38 years old. Yoongi is 23 years younger than his aunt, so Yoongi is 38 - 23 = 15 years old. Hoseok is 4 years younger than Yoongi, so Hoseok 
Data ID 95: decoding step: 5135, large model step: 3048, 1.6847112860892388
Question: If you can make a number with two decimal digits that is made by using the numbers 3, 8, 2, and 7 once, write the third smallest number.
Answer: 2.73
Explanation: The smallest number is 0.27, the second smallest is 2.73, and the third smallest is 7.32. Note that the number 3.82 is not possible because you can't 
Data ID 96: decoding step: 5186, large model step: 3080, 1.6837662337662338
Question: Taehyung is trying to divide 21/11 liters (L) of water into 7/11 liters (L) per cup, and Hoseok is trying to divide 8/17 liters (L) of water into 2/17 liters (L) per cup. How many cups will Taehyung and Hoseok need in order to divide all the water they each have into the cups?
Answer: 11
Explanation: Taehyung has 21/11 = 1.9 liters of water, and Hoseok has 8/17 = 0.47 liters of water. In total, they have 1.9 + 0.47 = 
Data ID 97: decoding step: 5243, large model step: 3112, 1.6847686375321336
Question: You have a square with a perimeter of 17.8 centimeters (cm). How many centimeters (cm) is one side of this figure?
Answer: 17.8 / 4 = 4.45
The perimeter of a square is the sum of the lengths of all its sides. Since all sides of a square are equal, the perimeter is the same as the length of one side multiplied 
Data ID 98: decoding step: 5293, large model step: 3144, 1.6835241730279897
Question: Eunbi and Jaeyeon practiced running every day for five days. If Eunbi ran a total of 4.3 kilometers (km) for 5 days and Jaeyeon ran 900 meters (m) every day, find out who would have run more.
Answer: 1. First, we need to find how many kilometers Jaeyeon ran. 900 meters is 0.9 km. So Jaeyeon ran 0.9 km x 5 days = 4.5 km. So 
Data ID 99: decoding step: 5343, large model step: 3176, 1.6823047858942066
